[0.017s] Invoking command in '/home/user/ros2_ws/src/build/basics_ros2_multithreading': CMAKE_PREFIX_PATH=${CMAKE_PREFIX_PATH}:/home/simulations/ros2_sims_ws/install/tracetools_test:/home/simulations/ros2_sims_ws/install/tracetools_launch:/home/simulations/ros2_sims_ws/install/ros2trace:/home/simulations/ros2_sims_ws/install/tracetools_trace:/home/simulations/ros2_sims_ws/install/ros2trace_analysis:/home/simulations/ros2_sims_ws/install/tracetools_analysis:/home/simulations/ros2_sims_ws/install/tracetools_read:/home/simulations/ros2_sims_ws/install/test_tracetools_launch:/opt/ros/humble:/home/simulations/ros2_sims_ws/install/robot_description _=/usr/bin/env /usr/bin/cmake --build /home/user/ros2_ws/src/build/basics_ros2_multithreading -- -j8 -l8
[0.041s] -- Found ament_cmake: 1.3.8 (/opt/ros/humble/share/ament_cmake/cmake)
[0.174s] -- Found rclcpp: 16.0.8 (/opt/ros/humble/share/rclcpp/cmake)
[0.208s] -- Found rosidl_generator_c: 3.1.5 (/opt/ros/humble/share/rosidl_generator_c/cmake)
[0.211s] -- Found rosidl_adapter: 3.1.5 (/opt/ros/humble/share/rosidl_adapter/cmake)
[0.217s] -- Found rosidl_generator_cpp: 3.1.5 (/opt/ros/humble/share/rosidl_generator_cpp/cmake)
[0.229s] -- Using all available rosidl_typesupport_c: rosidl_typesupport_fastrtps_c;rosidl_typesupport_introspection_c
[0.247s] -- Using all available rosidl_typesupport_cpp: rosidl_typesupport_fastrtps_cpp;rosidl_typesupport_introspection_cpp
[0.309s] -- Found rmw_implementation_cmake: 6.1.1 (/opt/ros/humble/share/rmw_implementation_cmake/cmake)
[0.311s] -- Found rmw_fastrtps_cpp: 6.2.6 (/opt/ros/humble/share/rmw_fastrtps_cpp/cmake)
[0.495s] -- Using RMW implementation 'rmw_fastrtps_cpp' as default
[0.661s] -- Found sensor_msgs: 4.2.3 (/opt/ros/humble/share/sensor_msgs/cmake)
[0.794s] -- Found cv_bridge: 3.2.1 (/opt/ros/humble/share/cv_bridge/cmake)
[0.841s] -- Found ament_lint_auto: 0.12.10 (/opt/ros/humble/share/ament_lint_auto/cmake)
[0.917s] -- Added test 'cppcheck' to perform static code analysis on C / C++ code
[0.918s] -- Configured cppcheck include dirs: /home/user/ros2_ws/src/basics_ros2_multithreading/include
[0.918s] -- Configured cppcheck exclude dirs and/or files: 
[0.918s] -- Added test 'flake8' to check Python code syntax and style conventions
[0.919s] -- Added test 'lint_cmake' to check CMake code style
[0.919s] -- Added test 'pep257' to check Python code against some of the docstring style conventions in PEP 257
[0.920s] -- Added test 'uncrustify' to check C / C++ code style
[0.920s] -- Configured uncrustify additional arguments: 
[0.921s] -- Added test 'xmllint' to check XML markup files
[0.922s] -- Configuring done
[0.957s] -- Generating done
[0.960s] -- Build files have been written to: /home/user/ros2_ws/src/build/basics_ros2_multithreading
[0.989s] [35m[1mConsolidate compiler generated dependencies of target plant_detector_multithreading[0m
[0.990s] [35m[1mConsolidate compiler generated dependencies of target green_detector_node[0m
[0.992s] [35m[1mConsolidate compiler generated dependencies of target plant_detector_multithreading_callbackgroups[0m
[0.992s] [35m[1mConsolidate compiler generated dependencies of target green_test[0m
[1.002s] [ 10%] [32mBuilding CXX object CMakeFiles/plant_detector_multithreading.dir/src/plant_detector_multithreading.cpp.o[0m
[1.002s] [ 20%] [32mBuilding CXX object CMakeFiles/plant_detector_basic.dir/src/plant_detector.cpp.o[0m
[1.002s] [ 30%] [32m[1mLinking CXX executable green_detector_node[0m
[1.005s] [ 40%] [32m[1mLinking CXX executable plant_detector_multithreading_callbackgroups[0m
[1.005s] [ 50%] [32m[1mLinking CXX executable green_test[0m
[1.065s] /usr/bin/ld: /usr/lib/gcc/x86_64-linux-gnu/11/../../../x86_64-linux-gnu/Scrt1.o: in function `_start':
[1.065s] (.text+0x1b): undefined reference to `main'
[1.066s] collect2: error: ld returned 1 exit status
[1.068s] gmake[2]: *** [CMakeFiles/green_test.dir/build.make:159: green_test] Error 1
[1.068s] gmake[1]: *** [CMakeFiles/Makefile2:249: CMakeFiles/green_test.dir/all] Error 2
[1.068s] gmake[1]: *** Waiting for unfinished jobs....
[1.289s] /usr/bin/ld: /usr/lib/gcc/x86_64-linux-gnu/11/../../../x86_64-linux-gnu/Scrt1.o: in function `_start':
[1.289s] (.text+0x1b): undefined reference to `main'
[1.291s] collect2: error: ld returned 1 exit status
[1.292s] gmake[2]: *** [CMakeFiles/green_detector_node.dir/build.make:230: green_detector_node] Error 1
[1.292s] gmake[1]: *** [CMakeFiles/Makefile2:223: CMakeFiles/green_detector_node.dir/all] Error 2
[1.303s] /usr/bin/ld: /usr/lib/gcc/x86_64-linux-gnu/11/../../../x86_64-linux-gnu/Scrt1.o: in function `_start':
[1.303s] (.text+0x1b): undefined reference to `main'
[1.305s] collect2: error: ld returned 1 exit status
[1.307s] gmake[2]: *** [CMakeFiles/plant_detector_multithreading_callbackgroups.dir/build.make:230: plant_detector_multithreading_callbackgroups] Error 1
[1.307s] gmake[1]: *** [CMakeFiles/Makefile2:197: CMakeFiles/plant_detector_multithreading_callbackgroups.dir/all] Error 2
[1.371s] [01m[K/home/user/ros2_ws/src/basics_ros2_multithreading/src/plant_detector_multithreading.cpp:4:10:[m[K [01;31m[Kfatal error: [m[Kstd_srvs/srv/trigger.hpp: No such file or directory
[1.371s]     4 | #include [01;31m[K<std_srvs/srv/trigger.hpp>[m[K
[1.371s]       |          [01;31m[K^~~~~~~~~~~~~~~~~~~~~~~~~~[m[K
[1.371s] compilation terminated.
[1.374s] gmake[2]: *** [CMakeFiles/plant_detector_multithreading.dir/build.make:76: CMakeFiles/plant_detector_multithreading.dir/src/plant_detector_multithreading.cpp.o] Error 1
[1.374s] gmake[1]: *** [CMakeFiles/Makefile2:171: CMakeFiles/plant_detector_multithreading.dir/all] Error 2
[1.420s] [01m[K/home/user/ros2_ws/src/basics_ros2_multithreading/src/plant_detector.cpp:6:10:[m[K [01;31m[Kfatal error: [m[Kstd_srvs/srv/trigger.hpp: No such file or directory
[1.421s]     6 | #include [01;31m[K<std_srvs/srv/trigger.hpp>[m[K
[1.421s]       |          [01;31m[K^~~~~~~~~~~~~~~~~~~~~~~~~~[m[K
[1.421s] compilation terminated.
[1.424s] gmake[2]: *** [CMakeFiles/plant_detector_basic.dir/build.make:76: CMakeFiles/plant_detector_basic.dir/src/plant_detector.cpp.o] Error 1
[1.424s] gmake[1]: *** [CMakeFiles/Makefile2:145: CMakeFiles/plant_detector_basic.dir/all] Error 2
[1.424s] gmake: *** [Makefile:146: all] Error 2
[1.426s] Invoked command in '/home/user/ros2_ws/src/build/basics_ros2_multithreading' returned '2': CMAKE_PREFIX_PATH=${CMAKE_PREFIX_PATH}:/home/simulations/ros2_sims_ws/install/tracetools_test:/home/simulations/ros2_sims_ws/install/tracetools_launch:/home/simulations/ros2_sims_ws/install/ros2trace:/home/simulations/ros2_sims_ws/install/tracetools_trace:/home/simulations/ros2_sims_ws/install/ros2trace_analysis:/home/simulations/ros2_sims_ws/install/tracetools_analysis:/home/simulations/ros2_sims_ws/install/tracetools_read:/home/simulations/ros2_sims_ws/install/test_tracetools_launch:/opt/ros/humble:/home/simulations/ros2_sims_ws/install/robot_description _=/usr/bin/env /usr/bin/cmake --build /home/user/ros2_ws/src/build/basics_ros2_multithreading -- -j8 -l8
