[0.021s] Invoking command in '/home/user/ros2_ws/src/build/mars_rover_systems': CMAKE_PREFIX_PATH=${CMAKE_PREFIX_PATH}:/home/simulations/ros2_sims_ws/install/tracetools_test:/home/simulations/ros2_sims_ws/install/tracetools_launch:/home/simulations/ros2_sims_ws/install/ros2trace:/home/simulations/ros2_sims_ws/install/tracetools_trace:/home/simulations/ros2_sims_ws/install/ros2trace_analysis:/home/simulations/ros2_sims_ws/install/tracetools_analysis:/home/simulations/ros2_sims_ws/install/tracetools_read:/home/simulations/ros2_sims_ws/install/test_tracetools_launch:/opt/ros/humble:/home/simulations/ros2_sims_ws/install/robot_description _=/usr/bin/env /usr/bin/cmake --build /home/user/ros2_ws/src/build/mars_rover_systems -- -j8 -l8
[0.080s] [ 66%] Built target heartbeat_executable2
[0.081s] [ 66%] Built target temperaturemonitor_executable
[0.085s] [100%] Built target heartbeat_executable
[0.095s] Invoked command in '/home/user/ros2_ws/src/build/mars_rover_systems' returned '0': CMAKE_PREFIX_PATH=${CMAKE_PREFIX_PATH}:/home/simulations/ros2_sims_ws/install/tracetools_test:/home/simulations/ros2_sims_ws/install/tracetools_launch:/home/simulations/ros2_sims_ws/install/ros2trace:/home/simulations/ros2_sims_ws/install/tracetools_trace:/home/simulations/ros2_sims_ws/install/ros2trace_analysis:/home/simulations/ros2_sims_ws/install/tracetools_analysis:/home/simulations/ros2_sims_ws/install/tracetools_read:/home/simulations/ros2_sims_ws/install/test_tracetools_launch:/opt/ros/humble:/home/simulations/ros2_sims_ws/install/robot_description _=/usr/bin/env /usr/bin/cmake --build /home/user/ros2_ws/src/build/mars_rover_systems -- -j8 -l8
[0.146s] Invoking command in '/home/user/ros2_ws/src/build/mars_rover_systems': CMAKE_PREFIX_PATH=${CMAKE_PREFIX_PATH}:/home/simulations/ros2_sims_ws/install/tracetools_test:/home/simulations/ros2_sims_ws/install/tracetools_launch:/home/simulations/ros2_sims_ws/install/ros2trace:/home/simulations/ros2_sims_ws/install/tracetools_trace:/home/simulations/ros2_sims_ws/install/ros2trace_analysis:/home/simulations/ros2_sims_ws/install/tracetools_analysis:/home/simulations/ros2_sims_ws/install/tracetools_read:/home/simulations/ros2_sims_ws/install/test_tracetools_launch:/opt/ros/humble:/home/simulations/ros2_sims_ws/install/robot_description _=/usr/bin/env /usr/bin/cmake --install /home/user/ros2_ws/src/build/mars_rover_systems
[0.155s] -- Install configuration: ""
[0.156s] -- Up-to-date: /home/user/ros2_ws/src/install/mars_rover_systems/lib/mars_rover_systems/heartbeat_executable
[0.156s] -- Up-to-date: /home/user/ros2_ws/src/install/mars_rover_systems/lib/mars_rover_systems/heartbeat_executable2
[0.156s] -- Up-to-date: /home/user/ros2_ws/src/install/mars_rover_systems/lib/mars_rover_systems/temperaturemonitor_executable
[0.157s] -- Up-to-date: /home/user/ros2_ws/src/install/mars_rover_systems/share/mars_rover_systems//launch
[0.157s] -- Up-to-date: /home/user/ros2_ws/src/install/mars_rover_systems/share/mars_rover_systems//launch/start_mars_rover_systems.launch.py
[0.157s] -- Up-to-date: /home/user/ros2_ws/src/install/mars_rover_systems/share/mars_rover_systems//launch/two_rover_heartbeat.launch.py
[0.157s] -- Up-to-date: /home/user/ros2_ws/src/install/mars_rover_systems/share/ament_index/resource_index/package_run_dependencies/mars_rover_systems
[0.157s] -- Up-to-date: /home/user/ros2_ws/src/install/mars_rover_systems/share/ament_index/resource_index/parent_prefix_path/mars_rover_systems
[0.157s] -- Up-to-date: /home/user/ros2_ws/src/install/mars_rover_systems/share/mars_rover_systems/environment/ament_prefix_path.sh
[0.157s] -- Up-to-date: /home/user/ros2_ws/src/install/mars_rover_systems/share/mars_rover_systems/environment/ament_prefix_path.dsv
[0.158s] -- Up-to-date: /home/user/ros2_ws/src/install/mars_rover_systems/share/mars_rover_systems/environment/path.sh
[0.158s] -- Up-to-date: /home/user/ros2_ws/src/install/mars_rover_systems/share/mars_rover_systems/environment/path.dsv
[0.158s] -- Up-to-date: /home/user/ros2_ws/src/install/mars_rover_systems/share/mars_rover_systems/local_setup.bash
[0.158s] -- Up-to-date: /home/user/ros2_ws/src/install/mars_rover_systems/share/mars_rover_systems/local_setup.sh
[0.158s] -- Up-to-date: /home/user/ros2_ws/src/install/mars_rover_systems/share/mars_rover_systems/local_setup.zsh
[0.158s] -- Up-to-date: /home/user/ros2_ws/src/install/mars_rover_systems/share/mars_rover_systems/local_setup.dsv
[0.158s] -- Installing: /home/user/ros2_ws/src/install/mars_rover_systems/share/mars_rover_systems/package.dsv
[0.158s] -- Up-to-date: /home/user/ros2_ws/src/install/mars_rover_systems/share/ament_index/resource_index/packages/mars_rover_systems
[0.158s] -- Up-to-date: /home/user/ros2_ws/src/install/mars_rover_systems/share/mars_rover_systems/cmake/mars_rover_systemsConfig.cmake
[0.159s] -- Up-to-date: /home/user/ros2_ws/src/install/mars_rover_systems/share/mars_rover_systems/cmake/mars_rover_systemsConfig-version.cmake
[0.159s] -- Up-to-date: /home/user/ros2_ws/src/install/mars_rover_systems/share/mars_rover_systems/package.xml
[0.160s] Invoked command in '/home/user/ros2_ws/src/build/mars_rover_systems' returned '0': CMAKE_PREFIX_PATH=${CMAKE_PREFIX_PATH}:/home/simulations/ros2_sims_ws/install/tracetools_test:/home/simulations/ros2_sims_ws/install/tracetools_launch:/home/simulations/ros2_sims_ws/install/ros2trace:/home/simulations/ros2_sims_ws/install/tracetools_trace:/home/simulations/ros2_sims_ws/install/ros2trace_analysis:/home/simulations/ros2_sims_ws/install/tracetools_analysis:/home/simulations/ros2_sims_ws/install/tracetools_read:/home/simulations/ros2_sims_ws/install/test_tracetools_launch:/opt/ros/humble:/home/simulations/ros2_sims_ws/install/robot_description _=/usr/bin/env /usr/bin/cmake --install /home/user/ros2_ws/src/build/mars_rover_systems
