[0.022s] Invoking command in '/home/user/ros2_ws/src/build/mars_rover_tasks': CMAKE_PREFIX_PATH=${CMAKE_PREFIX_PATH}:/home/simulations/ros2_sims_ws/install/tracetools_test:/home/simulations/ros2_sims_ws/install/tracetools_launch:/home/simulations/ros2_sims_ws/install/ros2trace:/home/simulations/ros2_sims_ws/install/tracetools_trace:/home/simulations/ros2_sims_ws/install/ros2trace_analysis:/home/simulations/ros2_sims_ws/install/tracetools_analysis:/home/simulations/ros2_sims_ws/install/tracetools_read:/home/simulations/ros2_sims_ws/install/test_tracetools_launch:/opt/ros/humble:/home/simulations/ros2_sims_ws/install/robot_description _=/usr/bin/env /usr/bin/cmake /home/user/ros2_ws/src/mars_rover_tasks -DCMAKE_INSTALL_PREFIX=/home/user/ros2_ws/src/install/mars_rover_tasks
[4.502s] -- The C compiler identification is GNU 11.4.0
[4.569s] -- The CXX compiler identification is GNU 11.4.0
[4.576s] -- Detecting C compiler ABI info
[4.748s] -- Detecting C compiler ABI info - done
[4.762s] -- Check for working C compiler: /usr/bin/cc - skipped
[4.762s] -- Detecting C compile features
[4.763s] -- Detecting C compile features - done
[4.767s] -- Detecting CXX compiler ABI info
[5.011s] -- Detecting CXX compiler ABI info - done
[5.019s] -- Check for working CXX compiler: /usr/bin/c++ - skipped
[5.020s] -- Detecting CXX compile features
[5.021s] -- Detecting CXX compile features - done
[5.033s] -- Found ament_cmake: 1.3.8 (/opt/ros/humble/share/ament_cmake/cmake)
[5.234s] -- Found Python3: /usr/bin/python3 (found version "3.10.12") found components: Interpreter 
[5.433s] -- Found rclcpp: 16.0.8 (/opt/ros/humble/share/rclcpp/cmake)
[5.566s] -- Found rosidl_generator_c: 3.1.5 (/opt/ros/humble/share/rosidl_generator_c/cmake)
[5.584s] -- Found rosidl_adapter: 3.1.5 (/opt/ros/humble/share/rosidl_adapter/cmake)
[5.605s] -- Found rosidl_generator_cpp: 3.1.5 (/opt/ros/humble/share/rosidl_generator_cpp/cmake)
[5.633s] -- Using all available rosidl_typesupport_c: rosidl_typesupport_fastrtps_c;rosidl_typesupport_introspection_c
[5.676s] -- Using all available rosidl_typesupport_cpp: rosidl_typesupport_fastrtps_cpp;rosidl_typesupport_introspection_cpp
[5.810s] -- Found rmw_implementation_cmake: 6.1.1 (/opt/ros/humble/share/rmw_implementation_cmake/cmake)
[5.824s] -- Found rmw_fastrtps_cpp: 6.2.6 (/opt/ros/humble/share/rmw_fastrtps_cpp/cmake)
[6.632s] -- Found OpenSSL: /usr/lib/x86_64-linux-gnu/libcrypto.so (found version "3.0.2")  
[6.692s] -- Found FastRTPS: /opt/ros/humble/include  
[6.774s] -- Using RMW implementation 'rmw_fastrtps_cpp' as default
[6.806s] -- Looking for pthread.h
[6.894s] -- Looking for pthread.h - found
[6.895s] -- Performing Test CMAKE_HAVE_LIBC_PTHREAD
[6.987s] -- Performing Test CMAKE_HAVE_LIBC_PTHREAD - Success
[6.988s] -- Found Threads: TRUE  
[7.189s] -- Found geometry_msgs: 4.2.3 (/opt/ros/humble/share/geometry_msgs/cmake)
[7.243s] -- Found sensor_msgs: 4.2.3 (/opt/ros/humble/share/sensor_msgs/cmake)
[7.345s] -- Found cv_bridge: 3.2.1 (/opt/ros/humble/share/cv_bridge/cmake)
[7.378s] -- Found OpenCV: /usr (found version "4.5.4") 
[7.386s] -- Found nav_msgs: 4.2.3 (/opt/ros/humble/share/nav_msgs/cmake)
[7.491s] -- Found tf2: 0.25.6 (/opt/ros/humble/share/tf2/cmake)
[7.528s] -- Found tf2_ros: 0.25.6 (/opt/ros/humble/share/tf2_ros/cmake)
[8.311s] -- Found ament_lint_auto: 0.12.10 (/opt/ros/humble/share/ament_lint_auto/cmake)
[8.486s] -- Added test 'copyright' to check source files copyright and LICENSE
[8.488s] -- Added test 'cppcheck' to perform static code analysis on C / C++ code
[8.489s] -- Configured cppcheck include dirs: /home/user/ros2_ws/src/mars_rover_tasks/include
[8.489s] -- Configured cppcheck exclude dirs and/or files: 
[8.491s] -- Added test 'cpplint' to check C / C++ code against the Google style
[8.491s] -- Configured cpplint exclude dirs and/or files: 
[8.492s] -- Added test 'flake8' to check Python code syntax and style conventions
[8.494s] -- Added test 'lint_cmake' to check CMake code style
[8.495s] -- Added test 'pep257' to check Python code against some of the docstring style conventions in PEP 257
[8.496s] -- Added test 'uncrustify' to check C / C++ code style
[8.496s] -- Configured uncrustify additional arguments: 
[8.497s] -- Added test 'xmllint' to check XML markup files
[8.503s] -- Configuring done
[8.540s] -- Generating done
[8.543s] -- Build files have been written to: /home/user/ros2_ws/src/build/mars_rover_tasks
