[01m[K/home/user/ros2_ws/src/mars_rover_tasks/src/subscriber_obstacle_detector.cpp:26:26:[m[K [01;31m[Kerror: [m[K'[01m[Ksensor_msgs[m[K' was not declared in this scope
   26 |     rclcpp::Subscription<[01;31m[Ksensor_msgs[m[K::msg::LaserScan>::SharedPtr subscriber_;
      |                          [01;31m[K^~~~~~~~~~~[m[K
[01m[K/home/user/ros2_ws/src/mars_rover_tasks/src/subscriber_obstacle_detector.cpp:26:53:[m[K [01;31m[Kerror: [m[Ktemplate argument 1 is invalid
   26 |     rclcpp::Subscription<sensor_msgs::msg::LaserScan[01;31m[K>[m[K::SharedPtr subscriber_;
      |                                                     [01;31m[K^[m[K
[01m[K/home/user/ros2_ws/src/mars_rover_tasks/src/subscriber_obstacle_detector.cpp:26:53:[m[K [01;31m[Kerror: [m[Ktemplate argument 3 is invalid
[01m[K/home/user/ros2_ws/src/mars_rover_tasks/src/subscriber_obstacle_detector.cpp:26:53:[m[K [01;31m[Kerror: [m[Ktemplate argument 4 is invalid
[01m[K/home/user/ros2_ws/src/mars_rover_tasks/src/subscriber_obstacle_detector.cpp:26:53:[m[K [01;31m[Kerror: [m[Ktemplate argument 5 is invalid
[01m[K/home/user/ros2_ws/src/mars_rover_tasks/src/subscriber_obstacle_detector.cpp:26:56:[m[K [01;31m[Kerror: [m[Kexpected '[01m[K;[m[K' at end of member declaration
   26 |     rclcpp::Subscription<sensor_msgs::msg::LaserScan>::[01;31m[KSharedPtr[m[K subscriber_;
      |                                                        [01;31m[K^~~~~~~~~[m[K
      |                                                                 [32m[K;[m[K
[01m[K/home/user/ros2_ws/src/mars_rover_tasks/src/subscriber_obstacle_detector.cpp:26:66:[m[K [01;31m[Kerror: [m[K'[01m[Ksubscriber_[m[K' does not name a type
   26 |     rclcpp::Subscription<sensor_msgs::msg::LaserScan>::SharedPtr [01;31m[Ksubscriber_[m[K;
      |                                                                  [01;31m[K^~~~~~~~~~~[m[K
[01m[K/home/user/ros2_ws/src/mars_rover_tasks/src/subscriber_obstacle_detector.cpp:31:31:[m[K [01;31m[Kerror: [m[K'[01m[Ksensor_msgs[m[K' does not name a type
   31 |     float getMinInRange(const [01;31m[Ksensor_msgs[m[K::msg::LaserScan::SharedPtr msg, int start, int end)
      |                               [01;31m[K^~~~~~~~~~~[m[K
[01m[K/home/user/ros2_ws/src/mars_rover_tasks/src/subscriber_obstacle_detector.cpp:31:47:[m[K [01;31m[Kerror: [m[Kexpected unqualified-id before '[01m[K::[m[K' token
   31 |     float getMinInRange(const sensor_msgs::msg[01;31m[K::[m[KLaserScan::SharedPtr msg, int start, int end)
      |                                               [01;31m[K^~[m[K
[01m[K/home/user/ros2_ws/src/mars_rover_tasks/src/subscriber_obstacle_detector.cpp:31:47:[m[K [01;31m[Kerror: [m[Kexpected '[01m[K)[m[K' before '[01m[K::[m[K' token
   31 |     float getMinInRange[34m[K([m[Kconst sensor_msgs::msg[01;31m[K:[m[K[32m[K:[m[KLaserScan::SharedPtr msg, int start, int end)
      |                        [34m[K~[m[K                      [01;31m[K^[m[K[32m[K~[m[K
      |                                               [32m[K)[m[K
[01m[K/home/user/ros2_ws/src/mars_rover_tasks/src/subscriber_obstacle_detector.cpp:31:44:[m[K [01;31m[Kerror: [m[Kexpected '[01m[K;[m[K' at end of member declaration
   31 |     float getMinInRange(const sensor_msgs::[01;31m[Kmsg[m[K::LaserScan::SharedPtr msg, int start, int end)
      |                                            [01;31m[K^~~[m[K
      |                                               [32m[K;[m[K
[01m[K/home/user/ros2_ws/src/mars_rover_tasks/src/subscriber_obstacle_detector.cpp:31:49:[m[K [01;31m[Kerror: [m[K'[01m[KLaserScan[m[K' in namespace '[01m[K::[m[K' does not name a type
   31 |     float getMinInRange(const sensor_msgs::msg::[01;31m[KLaserScan[m[K::SharedPtr msg, int start, int end)
      |                                                 [01;31m[K^~~~~~~~~[m[K
[01m[K/home/user/ros2_ws/src/mars_rover_tasks/src/subscriber_obstacle_detector.cpp:51:35:[m[K [01;31m[Kerror: [m[K'[01m[Ksensor_msgs[m[K' does not name a type
   51 |     void laserscan_callback(const [01;31m[Ksensor_msgs[m[K::msg::LaserScan::SharedPtr msg)
      |                                   [01;31m[K^~~~~~~~~~~[m[K
[01m[K/home/user/ros2_ws/src/mars_rover_tasks/src/subscriber_obstacle_detector.cpp:51:51:[m[K [01;31m[Kerror: [m[Kexpected unqualified-id before '[01m[K::[m[K' token
   51 |     void laserscan_callback(const sensor_msgs::msg[01;31m[K::[m[KLaserScan::SharedPtr msg)
      |                                                   [01;31m[K^~[m[K
[01m[K/home/user/ros2_ws/src/mars_rover_tasks/src/subscriber_obstacle_detector.cpp:51:51:[m[K [01;31m[Kerror: [m[Kexpected '[01m[K)[m[K' before '[01m[K::[m[K' token
   51 |     void laserscan_callback[34m[K([m[Kconst sensor_msgs::msg[01;31m[K:[m[K[32m[K:[m[KLaserScan::SharedPtr msg)
      |                            [34m[K~[m[K                      [01;31m[K^[m[K[32m[K~[m[K
      |                                                   [32m[K)[m[K
[01m[K/home/user/ros2_ws/src/mars_rover_tasks/src/subscriber_obstacle_detector.cpp:51:48:[m[K [01;31m[Kerror: [m[Kexpected '[01m[K;[m[K' at end of member declaration
   51 |     void laserscan_callback(const sensor_msgs::[01;31m[Kmsg[m[K::LaserScan::SharedPtr msg)
      |                                                [01;31m[K^~~[m[K
      |                                                   [32m[K;[m[K
[01m[K/home/user/ros2_ws/src/mars_rover_tasks/src/subscriber_obstacle_detector.cpp:51:53:[m[K [01;31m[Kerror: [m[K'[01m[KLaserScan[m[K' in namespace '[01m[K::[m[K' does not name a type
   51 |     void laserscan_callback(const sensor_msgs::msg::[01;31m[KLaserScan[m[K::SharedPtr msg)
      |                                                     [01;31m[K^~~~~~~~~[m[K
[01m[K/home/user/ros2_ws/src/mars_rover_tasks/src/subscriber_obstacle_detector.cpp:[m[K In constructor '[01m[KObstacleDetectorNode::ObstacleDetectorNode(const string&)[m[K':
[01m[K/home/user/ros2_ws/src/mars_rover_tasks/src/subscriber_obstacle_detector.cpp:15:9:[m[K [01;31m[Kerror: [m[K'[01m[Ksubscriber_[m[K' was not declared in this scope
   15 |         [01;31m[Ksubscriber_[m[K = this->create_subscription<sensor_msgs::msg::LaserScan>(
      |         [01;31m[K^~~~~~~~~~~[m[K
[01m[K/home/user/ros2_ws/src/mars_rover_tasks/src/subscriber_obstacle_detector.cpp:15:49:[m[K [01;31m[Kerror: [m[K'[01m[Ksensor_msgs[m[K' was not declared in this scope
   15 |         subscriber_ = this->create_subscription<[01;31m[Ksensor_msgs[m[K::msg::LaserScan>(
      |                                                 [01;31m[K^~~~~~~~~~~[m[K
[01m[K/home/user/ros2_ws/src/mars_rover_tasks/src/subscriber_obstacle_detector.cpp:15:29:[m[K [01;31m[Kerror: [m[Kparse error in template argument list
   15 |         subscriber_ = this->[01;31m[Kcreate_subscription<sensor_msgs::msg::LaserScan>[m[K(
      |                             [01;31m[K^~~~~~~~~~~~~~~~~~~~~~~~~~~~~~~~~~~~~~~~~~~~~~~~[m[K
[01m[K/home/user/ros2_ws/src/mars_rover_tasks/src/subscriber_obstacle_detector.cpp:15:77:[m[K [01;31m[Kerror: [m[Kno matching function for call to '[01m[KObstacleDetectorNode::create_subscription<<expression error> >(const char [12], rclcpp::QoS&, std::_Bind_helper<false, void (ObstacleDetectorNode::*)(...), ObstacleDetectorNode*, const std::_Placeholder<1>&>::type)[m[K'
   15 |         subscriber_ = [01;31m[Kthis->create_subscription<sensor_msgs::msg::LaserScan>([m[K
      |                       [01;31m[K~~~~~~~~~~~~~~~~~~~~~~~~~~~~~~~~~~~~~~~~~~~~~~~~~~~~~~^[m[K
   16 | [01;31m[K            "/laser_scan",[m[K
      |             [01;31m[K~~~~~~~~~~~~~~[m[K                                                   
   17 | [01;31m[K            qos,[m[K
      |             [01;31m[K~~~~[m[K                                                             
   18 | [01;31m[K            std::bind(&ObstacleDetectorNode::laserscan_callback, this, std::placeholders::_1)[m[K
      |             [01;31m[K~~~~~~~~~~~~~~~~~~~~~~~~~~~~~~~~~~~~~~~~~~~~~~~~~~~~~~~~~~~~~~~~~~~~~~~~~~~~~~~~~[m[K
   19 | [01;31m[K        )[m[K;
      |         [01;31m[K~[m[K                                                                    
In file included from [01m[K/opt/ros/humble/include/rclcpp/rclcpp/executors/single_threaded_executor.hpp:28[m[K,
                 from [01m[K/opt/ros/humble/include/rclcpp/rclcpp/executors.hpp:22[m[K,
                 from [01m[K/opt/ros/humble/include/rclcpp/rclcpp/rclcpp.hpp:155[m[K,
                 from [01m[K/home/user/ros2_ws/src/mars_rover_tasks/src/subscriber_obstacle_detector.cpp:1[m[K:
[01m[K/opt/ros/humble/include/rclcpp/rclcpp/node.hpp:219:3:[m[K [01;36m[Knote: [m[Kcandidate: '[01m[Ktemplate<class MessageT, class CallbackT, class AllocatorT, class SubscriptionT, class MessageMemoryStrategyT> std::shared_ptr<ROSMessageT> rclcpp::Node::create_subscription(const string&, const rclcpp::QoS&, CallbackT&&, const rclcpp::SubscriptionOptionsWithAllocator<AllocatorT>&, typename MessageMemoryStrategyT::SharedPtr)[m[K'
  219 |   [01;36m[Kcreate_subscription[m[K(
      |   [01;36m[K^~~~~~~~~~~~~~~~~~~[m[K
[01m[K/opt/ros/humble/include/rclcpp/rclcpp/node.hpp:219:3:[m[K [01;36m[Knote: [m[K  template argument deduction/substitution failed:
[01m[K/home/user/ros2_ws/src/mars_rover_tasks/src/subscriber_obstacle_detector.cpp:15:77:[m[K [01;31m[Kerror: [m[Ktemplate argument 1 is invalid
   15 |         subscriber_ = [01;31m[Kthis->create_subscription<sensor_msgs::msg::LaserScan>([m[K
      |                       [01;31m[K~~~~~~~~~~~~~~~~~~~~~~~~~~~~~~~~~~~~~~~~~~~~~~~~~~~~~~^[m[K
   16 | [01;31m[K            "/laser_scan",[m[K
      |             [01;31m[K~~~~~~~~~~~~~~[m[K                                                   
   17 | [01;31m[K            qos,[m[K
      |             [01;31m[K~~~~[m[K                                                             
   18 | [01;31m[K            std::bind(&ObstacleDetectorNode::laserscan_callback, this, std::placeholders::_1)[m[K
      |             [01;31m[K~~~~~~~~~~~~~~~~~~~~~~~~~~~~~~~~~~~~~~~~~~~~~~~~~~~~~~~~~~~~~~~~~~~~~~~~~~~~~~~~~[m[K
   19 | [01;31m[K        )[m[K;
      |         [01;31m[K~[m[K                                                                    
gmake[2]: *** [CMakeFiles/subscriber_obstacle_detector_executable.dir/build.make:76: CMakeFiles/subscriber_obstacle_detector_executable.dir/src/subscriber_obstacle_detector.cpp.o] Error 1
gmake[1]: *** [CMakeFiles/Makefile2:143: CMakeFiles/subscriber_obstacle_detector_executable.dir/all] Error 2
gmake[1]: *** Waiting for unfinished jobs....
gmake: *** [Makefile:146: all] Error 2
