-- Found ament_cmake: 1.3.8 (/opt/ros/humble/share/ament_cmake/cmake)
-- Found rclcpp: 16.0.8 (/opt/ros/humble/share/rclcpp/cmake)
-- Found rosidl_generator_c: 3.1.5 (/opt/ros/humble/share/rosidl_generator_c/cmake)
-- Found rosidl_adapter: 3.1.5 (/opt/ros/humble/share/rosidl_adapter/cmake)
-- Found rosidl_generator_cpp: 3.1.5 (/opt/ros/humble/share/rosidl_generator_cpp/cmake)
-- Using all available rosidl_typesupport_c: rosidl_typesupport_fastrtps_c;rosidl_typesupport_introspection_c
-- Using all available rosidl_typesupport_cpp: rosidl_typesupport_fastrtps_cpp;rosidl_typesupport_introspection_cpp
-- Found rmw_implementation_cmake: 6.1.1 (/opt/ros/humble/share/rmw_implementation_cmake/cmake)
-- Found rmw_fastrtps_cpp: 6.2.6 (/opt/ros/humble/share/rmw_fastrtps_cpp/cmake)
-- Using RMW implementation 'rmw_fastrtps_cpp' as default
-- Found sensor_msgs: 4.2.3 (/opt/ros/humble/share/sensor_msgs/cmake)
-- Found cv_bridge: 3.2.1 (/opt/ros/humble/share/cv_bridge/cmake)
-- Found std_srvs: 4.2.3 (/opt/ros/humble/share/std_srvs/cmake)
-- Found ament_lint_auto: 0.12.10 (/opt/ros/humble/share/ament_lint_auto/cmake)
-- Added test 'cppcheck' to perform static code analysis on C / C++ code
-- Configured cppcheck include dirs: /home/user/ros2_ws/src/basics_ros2_multithreading/include
-- Configured cppcheck exclude dirs and/or files: 
-- Added test 'flake8' to check Python code syntax and style conventions
-- Added test 'lint_cmake' to check CMake code style
-- Added test 'pep257' to check Python code against some of the docstring style conventions in PEP 257
-- Added test 'uncrustify' to check C / C++ code style
-- Configured uncrustify additional arguments: 
-- Added test 'xmllint' to check XML markup files
-- Configuring done
-- Generating done
-- Build files have been written to: /home/user/ros2_ws/src/build/basics_ros2_multithreading
[35m[1mConsolidate compiler generated dependencies of target plant_detector_multithreading[0m
[ 25%] [32mBuilding CXX object CMakeFiles/plant_detector_basic.dir/src/plant_detector.cpp.o[0m
[ 50%] [32mBuilding CXX object CMakeFiles/plant_detector_multithreading.dir/src/plant_detector_multithreading.cpp.o[0m
[01m[K/home/user/ros2_ws/src/basics_ros2_multithreading/src/plant_detector.cpp:[m[K In member function '[01m[Kvoid PlantDetectorNode::detect_plants_callback(std::shared_ptr<std_srvs::srv::Trigger_Request_<std::allocator<void> > >, std::shared_ptr<std_srvs::srv::Trigger_Response_<std::allocator<void> > >)[m[K':
[01m[K/home/user/ros2_ws/src/basics_ros2_multithreading/src/plant_detector.cpp:115:88:[m[K [01;35m[Kwarning: [m[Kunused parameter '[01m[Krequest[m[K' [[01;35m[K]8;;https://gcc.gnu.org/onlinedocs/gcc/Warning-Options.html#index-Wunused-parameter-Wunused-parameter]8;;[m[K]
  115 |     void detect_plants_callback([01;35m[Kconst std::shared_ptr<std_srvs::srv::Trigger::Request> request[m[K,
      |                                 [01;35m[K~~~~~~~~~~~~~~~~~~~~~~~~~~~~~~~~~~~~~~~~~~~~~~~~~~~~~~~^~~~~~~[m[K
[ 75%] [32m[1mLinking CXX executable plant_detector_basic[0m
[100%] [32m[1mLinking CXX executable plant_detector_multithreading[0m
[100%] Built target plant_detector_basic
[100%] Built target plant_detector_multithreading
-- Install configuration: ""
-- Installing: /home/user/ros2_ws/src/install/basics_ros2_multithreading/lib/basics_ros2_multithreading/plant_detector_basic
-- Set runtime path of "/home/user/ros2_ws/src/install/basics_ros2_multithreading/lib/basics_ros2_multithreading/plant_detector_basic" to ""
-- Installing: /home/user/ros2_ws/src/install/basics_ros2_multithreading/lib/basics_ros2_multithreading/plant_detector_multithreading
-- Set runtime path of "/home/user/ros2_ws/src/install/basics_ros2_multithreading/lib/basics_ros2_multithreading/plant_detector_multithreading" to ""
-- Installing: /home/user/ros2_ws/src/install/basics_ros2_multithreading/share/basics_ros2_multithreading/launch
-- Installing: /home/user/ros2_ws/src/install/basics_ros2_multithreading/share/basics_ros2_multithreading/launch/callback_function.launch.py
-- Installing: /home/user/ros2_ws/src/install/basics_ros2_multithreading/share/basics_ros2_multithreading/launch/plant_detector_multithreading_callbackgroups.launch.py
-- Installing: /home/user/ros2_ws/src/install/basics_ros2_multithreading/share/basics_ros2_multithreading/launch/green_detector_node.launch.py
-- Installing: /home/user/ros2_ws/src/install/basics_ros2_multithreading/share/basics_ros2_multithreading/launch/plant_detector.launch.py
-- Installing: /home/user/ros2_ws/src/install/basics_ros2_multithreading/share/basics_ros2_multithreading/launch/plant_detector_multithreading.launch.py
-- Installing: /home/user/ros2_ws/src/install/basics_ros2_multithreading/include/
-- Installing: /home/user/ros2_ws/src/install/basics_ros2_multithreading/include//basics_ros2_multithreading
-- Installing: /home/user/ros2_ws/src/install/basics_ros2_multithreading/include//basics_ros2_multithreading/green_detector.hpp
-- Installing: /home/user/ros2_ws/src/install/basics_ros2_multithreading/include//basics_ros2_multithreading/plant_detector.hpp
-- Installing: /home/user/ros2_ws/src/install/basics_ros2_multithreading/share/ament_index/resource_index/package_run_dependencies/basics_ros2_multithreading
-- Installing: /home/user/ros2_ws/src/install/basics_ros2_multithreading/share/ament_index/resource_index/parent_prefix_path/basics_ros2_multithreading
-- Installing: /home/user/ros2_ws/src/install/basics_ros2_multithreading/share/basics_ros2_multithreading/environment/ament_prefix_path.sh
-- Installing: /home/user/ros2_ws/src/install/basics_ros2_multithreading/share/basics_ros2_multithreading/environment/ament_prefix_path.dsv
-- Installing: /home/user/ros2_ws/src/install/basics_ros2_multithreading/share/basics_ros2_multithreading/environment/path.sh
-- Installing: /home/user/ros2_ws/src/install/basics_ros2_multithreading/share/basics_ros2_multithreading/environment/path.dsv
-- Installing: /home/user/ros2_ws/src/install/basics_ros2_multithreading/share/basics_ros2_multithreading/local_setup.bash
-- Installing: /home/user/ros2_ws/src/install/basics_ros2_multithreading/share/basics_ros2_multithreading/local_setup.sh
-- Installing: /home/user/ros2_ws/src/install/basics_ros2_multithreading/share/basics_ros2_multithreading/local_setup.zsh
-- Installing: /home/user/ros2_ws/src/install/basics_ros2_multithreading/share/basics_ros2_multithreading/local_setup.dsv
-- Installing: /home/user/ros2_ws/src/install/basics_ros2_multithreading/share/basics_ros2_multithreading/package.dsv
-- Installing: /home/user/ros2_ws/src/install/basics_ros2_multithreading/share/ament_index/resource_index/packages/basics_ros2_multithreading
-- Installing: /home/user/ros2_ws/src/install/basics_ros2_multithreading/share/basics_ros2_multithreading/cmake/basics_ros2_multithreadingConfig.cmake
-- Installing: /home/user/ros2_ws/src/install/basics_ros2_multithreading/share/basics_ros2_multithreading/cmake/basics_ros2_multithreadingConfig-version.cmake
-- Installing: /home/user/ros2_ws/src/install/basics_ros2_multithreading/share/basics_ros2_multithreading/package.xml
