[0.015s] Invoking command in '/home/user/ros2_ws/src/build/mars_rover_tasks': CMAKE_PREFIX_PATH=${CMAKE_PREFIX_PATH}:/home/simulations/ros2_sims_ws/install/tracetools_test:/home/simulations/ros2_sims_ws/install/tracetools_launch:/home/simulations/ros2_sims_ws/install/ros2trace:/home/simulations/ros2_sims_ws/install/tracetools_trace:/home/simulations/ros2_sims_ws/install/ros2trace_analysis:/home/simulations/ros2_sims_ws/install/tracetools_analysis:/home/simulations/ros2_sims_ws/install/tracetools_read:/home/simulations/ros2_sims_ws/install/test_tracetools_launch:/opt/ros/humble:/home/simulations/ros2_sims_ws/install/robot_description _=/usr/bin/env /usr/bin/cmake --build /home/user/ros2_ws/src/build/mars_rover_tasks -- -j8 -l8
[0.040s] -- Found ament_cmake: 1.3.8 (/opt/ros/humble/share/ament_cmake/cmake)
[0.194s] -- Found rclcpp: 16.0.8 (/opt/ros/humble/share/rclcpp/cmake)
[0.230s] -- Found rosidl_generator_c: 3.1.5 (/opt/ros/humble/share/rosidl_generator_c/cmake)
[0.232s] -- Found rosidl_adapter: 3.1.5 (/opt/ros/humble/share/rosidl_adapter/cmake)
[0.238s] -- Found rosidl_generator_cpp: 3.1.5 (/opt/ros/humble/share/rosidl_generator_cpp/cmake)
[0.251s] -- Using all available rosidl_typesupport_c: rosidl_typesupport_fastrtps_c;rosidl_typesupport_introspection_c
[0.267s] -- Using all available rosidl_typesupport_cpp: rosidl_typesupport_fastrtps_cpp;rosidl_typesupport_introspection_cpp
[0.330s] -- Found rmw_implementation_cmake: 6.1.1 (/opt/ros/humble/share/rmw_implementation_cmake/cmake)
[0.332s] -- Found rmw_fastrtps_cpp: 6.2.6 (/opt/ros/humble/share/rmw_fastrtps_cpp/cmake)
[0.515s] -- Using RMW implementation 'rmw_fastrtps_cpp' as default
[0.683s] -- Found geometry_msgs: 4.2.3 (/opt/ros/humble/share/geometry_msgs/cmake)
[0.730s] -- Found sensor_msgs: 4.2.3 (/opt/ros/humble/share/sensor_msgs/cmake)
[0.821s] -- Found cv_bridge: 3.2.1 (/opt/ros/humble/share/cv_bridge/cmake)
[0.850s] -- Found ament_lint_auto: 0.12.10 (/opt/ros/humble/share/ament_lint_auto/cmake)
[0.924s] -- Added test 'copyright' to check source files copyright and LICENSE
[0.925s] -- Added test 'cppcheck' to perform static code analysis on C / C++ code
[0.926s] -- Configured cppcheck include dirs: /home/user/ros2_ws/src/mars_rover_tasks/include
[0.926s] -- Configured cppcheck exclude dirs and/or files: 
[0.927s] -- Added test 'cpplint' to check C / C++ code against the Google style
[0.927s] -- Configured cpplint exclude dirs and/or files: 
[0.927s] -- Added test 'flake8' to check Python code syntax and style conventions
[0.928s] -- Added test 'lint_cmake' to check CMake code style
[0.928s] -- Added test 'pep257' to check Python code against some of the docstring style conventions in PEP 257
[0.929s] -- Added test 'uncrustify' to check C / C++ code style
[0.929s] -- Configured uncrustify additional arguments: 
[0.930s] -- Added test 'xmllint' to check XML markup files
[0.930s] -- Configuring done
[0.954s] -- Generating done
[0.957s] -- Build files have been written to: /home/user/ros2_ws/src/build/mars_rover_tasks
[0.984s] [35m[1mConsolidate compiler generated dependencies of target plant_detector_lib[0m
[0.984s] [35m[1mConsolidate compiler generated dependencies of target subscriber_obstacle_detector_executable[0m
[0.985s] [35m[1mConsolidate compiler generated dependencies of target publish_mars_rover_move_executable[0m
[1.001s] [ 25%] Built target plant_detector_lib
[1.004s] [ 37%] [32mBuilding CXX object CMakeFiles/subscriber_obstacle_detector_executable.dir/src/subscriber_obstacle_detector.cpp.o[0m
[1.005s] [ 50%] [32mBuilding CXX object CMakeFiles/publish_mars_rover_move_executable.dir/src/publish_mars_rover_move.cpp.o[0m
[1.011s] [35m[1mConsolidate compiler generated dependencies of target image_plant_detector_executable[0m
[1.034s] [ 75%] Built target image_plant_detector_executable
[3.352s] [01m[K/home/user/ros2_ws/src/mars_rover_tasks/src/publish_mars_rover_move.cpp:[m[K In function '[01m[Kvoid signal_handler(int)[m[K':
[3.352s] [01m[K/home/user/ros2_ws/src/mars_rover_tasks/src/publish_mars_rover_move.cpp:40:25:[m[K [01;35m[Kwarning: [m[Kunused parameter '[01m[Ksignum[m[K' [[01;35m[K]8;;https://gcc.gnu.org/onlinedocs/gcc/Warning-Options.html#index-Wunused-parameter-Wunused-parameter]8;;[m[K]
[3.352s]    40 | void signal_handler([01;35m[Kint signum[m[K)
[3.352s]       |                     [01;35m[K~~~~^~~~~~[m[K
[5.282s] [ 87%] [32m[1mLinking CXX executable publish_mars_rover_move_executable[0m
[5.456s] [ 87%] Built target publish_mars_rover_move_executable
[9.183s] [100%] [32m[1mLinking CXX executable subscriber_obstacle_detector_executable[0m
[9.494s] [100%] Built target subscriber_obstacle_detector_executable
[9.504s] Invoked command in '/home/user/ros2_ws/src/build/mars_rover_tasks' returned '0': CMAKE_PREFIX_PATH=${CMAKE_PREFIX_PATH}:/home/simulations/ros2_sims_ws/install/tracetools_test:/home/simulations/ros2_sims_ws/install/tracetools_launch:/home/simulations/ros2_sims_ws/install/ros2trace:/home/simulations/ros2_sims_ws/install/tracetools_trace:/home/simulations/ros2_sims_ws/install/ros2trace_analysis:/home/simulations/ros2_sims_ws/install/tracetools_analysis:/home/simulations/ros2_sims_ws/install/tracetools_read:/home/simulations/ros2_sims_ws/install/test_tracetools_launch:/opt/ros/humble:/home/simulations/ros2_sims_ws/install/robot_description _=/usr/bin/env /usr/bin/cmake --build /home/user/ros2_ws/src/build/mars_rover_tasks -- -j8 -l8
[9.551s] Invoking command in '/home/user/ros2_ws/src/build/mars_rover_tasks': CMAKE_PREFIX_PATH=${CMAKE_PREFIX_PATH}:/home/simulations/ros2_sims_ws/install/tracetools_test:/home/simulations/ros2_sims_ws/install/tracetools_launch:/home/simulations/ros2_sims_ws/install/ros2trace:/home/simulations/ros2_sims_ws/install/tracetools_trace:/home/simulations/ros2_sims_ws/install/ros2trace_analysis:/home/simulations/ros2_sims_ws/install/tracetools_analysis:/home/simulations/ros2_sims_ws/install/tracetools_read:/home/simulations/ros2_sims_ws/install/test_tracetools_launch:/opt/ros/humble:/home/simulations/ros2_sims_ws/install/robot_description _=/usr/bin/env /usr/bin/cmake --install /home/user/ros2_ws/src/build/mars_rover_tasks
[9.558s] -- Install configuration: ""
[9.558s] -- Installing: /home/user/ros2_ws/src/install/mars_rover_tasks/lib/mars_rover_tasks/subscriber_obstacle_detector_executable
[9.566s] -- Set runtime path of "/home/user/ros2_ws/src/install/mars_rover_tasks/lib/mars_rover_tasks/subscriber_obstacle_detector_executable" to ""
[9.566s] -- Installing: /home/user/ros2_ws/src/install/mars_rover_tasks/lib/mars_rover_tasks/publish_mars_rover_move_executable
[9.568s] -- Set runtime path of "/home/user/ros2_ws/src/install/mars_rover_tasks/lib/mars_rover_tasks/publish_mars_rover_move_executable" to ""
[9.568s] -- Installing: /home/user/ros2_ws/src/install/mars_rover_tasks/lib/mars_rover_tasks/image_plant_detector_executable
[9.576s] -- Set runtime path of "/home/user/ros2_ws/src/install/mars_rover_tasks/lib/mars_rover_tasks/image_plant_detector_executable" to ""
[9.576s] -- Installing: /home/user/ros2_ws/src/install/mars_rover_tasks/share/mars_rover_tasks//launch
[9.576s] -- Installing: /home/user/ros2_ws/src/install/mars_rover_tasks/share/mars_rover_tasks//launch/obstacle_detector.launch.py
[9.577s] -- Installing: /home/user/ros2_ws/src/install/mars_rover_tasks/share/ament_index/resource_index/package_run_dependencies/mars_rover_tasks
[9.577s] -- Installing: /home/user/ros2_ws/src/install/mars_rover_tasks/share/ament_index/resource_index/parent_prefix_path/mars_rover_tasks
[9.577s] -- Installing: /home/user/ros2_ws/src/install/mars_rover_tasks/share/mars_rover_tasks/environment/ament_prefix_path.sh
[9.577s] -- Installing: /home/user/ros2_ws/src/install/mars_rover_tasks/share/mars_rover_tasks/environment/ament_prefix_path.dsv
[9.577s] -- Installing: /home/user/ros2_ws/src/install/mars_rover_tasks/share/mars_rover_tasks/environment/path.sh
[9.578s] -- Installing: /home/user/ros2_ws/src/install/mars_rover_tasks/share/mars_rover_tasks/environment/path.dsv
[9.578s] -- Installing: /home/user/ros2_ws/src/install/mars_rover_tasks/share/mars_rover_tasks/local_setup.bash
[9.578s] -- Installing: /home/user/ros2_ws/src/install/mars_rover_tasks/share/mars_rover_tasks/local_setup.sh
[9.578s] -- Installing: /home/user/ros2_ws/src/install/mars_rover_tasks/share/mars_rover_tasks/local_setup.zsh
[9.578s] -- Installing: /home/user/ros2_ws/src/install/mars_rover_tasks/share/mars_rover_tasks/local_setup.dsv
[9.578s] -- Installing: /home/user/ros2_ws/src/install/mars_rover_tasks/share/mars_rover_tasks/package.dsv
[9.579s] -- Installing: /home/user/ros2_ws/src/install/mars_rover_tasks/share/ament_index/resource_index/packages/mars_rover_tasks
[9.579s] -- Installing: /home/user/ros2_ws/src/install/mars_rover_tasks/share/mars_rover_tasks/cmake/mars_rover_tasksConfig.cmake
[9.579s] -- Installing: /home/user/ros2_ws/src/install/mars_rover_tasks/share/mars_rover_tasks/cmake/mars_rover_tasksConfig-version.cmake
[9.579s] -- Installing: /home/user/ros2_ws/src/install/mars_rover_tasks/share/mars_rover_tasks/package.xml
[9.581s] Invoked command in '/home/user/ros2_ws/src/build/mars_rover_tasks' returned '0': CMAKE_PREFIX_PATH=${CMAKE_PREFIX_PATH}:/home/simulations/ros2_sims_ws/install/tracetools_test:/home/simulations/ros2_sims_ws/install/tracetools_launch:/home/simulations/ros2_sims_ws/install/ros2trace:/home/simulations/ros2_sims_ws/install/tracetools_trace:/home/simulations/ros2_sims_ws/install/ros2trace_analysis:/home/simulations/ros2_sims_ws/install/tracetools_analysis:/home/simulations/ros2_sims_ws/install/tracetools_read:/home/simulations/ros2_sims_ws/install/test_tracetools_launch:/opt/ros/humble:/home/simulations/ros2_sims_ws/install/robot_description _=/usr/bin/env /usr/bin/cmake --install /home/user/ros2_ws/src/build/mars_rover_tasks
