[0.021s] Invoking command in '/home/user/ros2_ws/src/build/mars_rover_systems': CMAKE_PREFIX_PATH=${CMAKE_PREFIX_PATH}:/home/simulations/ros2_sims_ws/install/tracetools_test:/home/simulations/ros2_sims_ws/install/tracetools_launch:/home/simulations/ros2_sims_ws/install/ros2trace:/home/simulations/ros2_sims_ws/install/tracetools_trace:/home/simulations/ros2_sims_ws/install/ros2trace_analysis:/home/simulations/ros2_sims_ws/install/tracetools_analysis:/home/simulations/ros2_sims_ws/install/tracetools_read:/home/simulations/ros2_sims_ws/install/test_tracetools_launch:/opt/ros/humble:/home/simulations/ros2_sims_ws/install/robot_description _=/usr/bin/env /usr/bin/cmake /home/user/ros2_ws/src/mars_rover_systems -DCMAKE_INSTALL_PREFIX=/home/user/ros2_ws/src/install/mars_rover_systems
[4.219s] -- The C compiler identification is GNU 11.4.0
[4.280s] -- The CXX compiler identification is GNU 11.4.0
[4.290s] -- Detecting C compiler ABI info
[4.513s] -- Detecting C compiler ABI info - done
[4.522s] -- Check for working C compiler: /usr/bin/cc - skipped
[4.522s] -- Detecting C compile features
[4.523s] -- Detecting C compile features - done
[4.526s] -- Detecting CXX compiler ABI info
[4.611s] -- Detecting CXX compiler ABI info - done
[4.619s] -- Check for working CXX compiler: /usr/bin/c++ - skipped
[4.619s] -- Detecting CXX compile features
[4.619s] -- Detecting CXX compile features - done
[4.631s] -- Found ament_cmake: 1.3.8 (/opt/ros/humble/share/ament_cmake/cmake)
[4.811s] -- Found Python3: /usr/bin/python3 (found version "3.10.12") found components: Interpreter 
[4.988s] -- Found rclcpp: 16.0.8 (/opt/ros/humble/share/rclcpp/cmake)
[5.102s] -- Found rosidl_generator_c: 3.1.5 (/opt/ros/humble/share/rosidl_generator_c/cmake)
[5.120s] -- Found rosidl_adapter: 3.1.5 (/opt/ros/humble/share/rosidl_adapter/cmake)
[5.141s] -- Found rosidl_generator_cpp: 3.1.5 (/opt/ros/humble/share/rosidl_generator_cpp/cmake)
[5.170s] -- Using all available rosidl_typesupport_c: rosidl_typesupport_fastrtps_c;rosidl_typesupport_introspection_c
[5.210s] -- Using all available rosidl_typesupport_cpp: rosidl_typesupport_fastrtps_cpp;rosidl_typesupport_introspection_cpp
[5.340s] -- Found rmw_implementation_cmake: 6.1.1 (/opt/ros/humble/share/rmw_implementation_cmake/cmake)
[5.349s] -- Found rmw_fastrtps_cpp: 6.2.6 (/opt/ros/humble/share/rmw_fastrtps_cpp/cmake)
[6.221s] -- Found OpenSSL: /usr/lib/x86_64-linux-gnu/libcrypto.so (found version "3.0.2")  
[6.267s] -- Found FastRTPS: /opt/ros/humble/include  
[6.348s] -- Using RMW implementation 'rmw_fastrtps_cpp' as default
[6.377s] -- Looking for pthread.h
[6.450s] -- Looking for pthread.h - found
[6.450s] -- Performing Test CMAKE_HAVE_LIBC_PTHREAD
[6.533s] -- Performing Test CMAKE_HAVE_LIBC_PTHREAD - Success
[6.534s] -- Found Threads: TRUE  
[6.742s] -- Found ament_lint_auto: 0.12.10 (/opt/ros/humble/share/ament_lint_auto/cmake)
[6.867s] -- Added test 'cppcheck' to perform static code analysis on C / C++ code
[6.867s] -- Configured cppcheck include dirs: 
[6.868s] -- Configured cppcheck exclude dirs and/or files: 
[6.869s] -- Added test 'flake8' to check Python code syntax and style conventions
[6.871s] -- Added test 'lint_cmake' to check CMake code style
[6.872s] -- Added test 'pep257' to check Python code against some of the docstring style conventions in PEP 257
[6.878s] -- Added test 'uncrustify' to check C / C++ code style
[6.878s] -- Configured uncrustify additional arguments: 
[6.880s] -- Added test 'xmllint' to check XML markup files
[6.881s] -- Configuring done
[6.897s] -- Generating done
[6.900s] -- Build files have been written to: /home/user/ros2_ws/src/build/mars_rover_systems
[6.913s] Invoked command in '/home/user/ros2_ws/src/build/mars_rover_systems' returned '0': CMAKE_PREFIX_PATH=${CMAKE_PREFIX_PATH}:/home/simulations/ros2_sims_ws/install/tracetools_test:/home/simulations/ros2_sims_ws/install/tracetools_launch:/home/simulations/ros2_sims_ws/install/ros2trace:/home/simulations/ros2_sims_ws/install/tracetools_trace:/home/simulations/ros2_sims_ws/install/ros2trace_analysis:/home/simulations/ros2_sims_ws/install/tracetools_analysis:/home/simulations/ros2_sims_ws/install/tracetools_read:/home/simulations/ros2_sims_ws/install/test_tracetools_launch:/opt/ros/humble:/home/simulations/ros2_sims_ws/install/robot_description _=/usr/bin/env /usr/bin/cmake /home/user/ros2_ws/src/mars_rover_systems -DCMAKE_INSTALL_PREFIX=/home/user/ros2_ws/src/install/mars_rover_systems
[6.915s] Invoking command in '/home/user/ros2_ws/src/build/mars_rover_systems': CMAKE_PREFIX_PATH=${CMAKE_PREFIX_PATH}:/home/simulations/ros2_sims_ws/install/tracetools_test:/home/simulations/ros2_sims_ws/install/tracetools_launch:/home/simulations/ros2_sims_ws/install/ros2trace:/home/simulations/ros2_sims_ws/install/tracetools_trace:/home/simulations/ros2_sims_ws/install/ros2trace_analysis:/home/simulations/ros2_sims_ws/install/tracetools_analysis:/home/simulations/ros2_sims_ws/install/tracetools_read:/home/simulations/ros2_sims_ws/install/test_tracetools_launch:/opt/ros/humble:/home/simulations/ros2_sims_ws/install/robot_description _=/usr/bin/env /usr/bin/cmake --build /home/user/ros2_ws/src/build/mars_rover_systems -- -j8 -l8
[6.965s] [ 16%] [32mBuilding CXX object CMakeFiles/heartbeat_executable2.dir/src/heartbeat2.cpp.o[0m
[6.965s] [ 33%] [32mBuilding CXX object CMakeFiles/temperaturemonitor_executable.dir/src/temperature_monitor.cpp.o[0m
[6.965s] [ 50%] [32mBuilding CXX object CMakeFiles/heartbeat_executable.dir/src/heartbeat.cpp.o[0m
[10.122s] [ 66%] [32m[1mLinking CXX executable heartbeat_executable[0m
[10.196s] [ 83%] [32m[1mLinking CXX executable heartbeat_executable2[0m
[10.246s] [ 83%] Built target heartbeat_executable
[10.323s] [ 83%] Built target heartbeat_executable2
[10.369s] [100%] [32m[1mLinking CXX executable temperaturemonitor_executable[0m
[10.482s] [100%] Built target temperaturemonitor_executable
[10.491s] Invoked command in '/home/user/ros2_ws/src/build/mars_rover_systems' returned '0': CMAKE_PREFIX_PATH=${CMAKE_PREFIX_PATH}:/home/simulations/ros2_sims_ws/install/tracetools_test:/home/simulations/ros2_sims_ws/install/tracetools_launch:/home/simulations/ros2_sims_ws/install/ros2trace:/home/simulations/ros2_sims_ws/install/tracetools_trace:/home/simulations/ros2_sims_ws/install/ros2trace_analysis:/home/simulations/ros2_sims_ws/install/tracetools_analysis:/home/simulations/ros2_sims_ws/install/tracetools_read:/home/simulations/ros2_sims_ws/install/test_tracetools_launch:/opt/ros/humble:/home/simulations/ros2_sims_ws/install/robot_description _=/usr/bin/env /usr/bin/cmake --build /home/user/ros2_ws/src/build/mars_rover_systems -- -j8 -l8
[10.546s] Invoking command in '/home/user/ros2_ws/src/build/mars_rover_systems': CMAKE_PREFIX_PATH=${CMAKE_PREFIX_PATH}:/home/simulations/ros2_sims_ws/install/tracetools_test:/home/simulations/ros2_sims_ws/install/tracetools_launch:/home/simulations/ros2_sims_ws/install/ros2trace:/home/simulations/ros2_sims_ws/install/tracetools_trace:/home/simulations/ros2_sims_ws/install/ros2trace_analysis:/home/simulations/ros2_sims_ws/install/tracetools_analysis:/home/simulations/ros2_sims_ws/install/tracetools_read:/home/simulations/ros2_sims_ws/install/test_tracetools_launch:/opt/ros/humble:/home/simulations/ros2_sims_ws/install/robot_description _=/usr/bin/env /usr/bin/cmake --install /home/user/ros2_ws/src/build/mars_rover_systems
[10.553s] -- Install configuration: ""
[10.553s] -- Installing: /home/user/ros2_ws/src/install/mars_rover_systems/lib/mars_rover_systems/heartbeat_executable
[10.554s] -- Set runtime path of "/home/user/ros2_ws/src/install/mars_rover_systems/lib/mars_rover_systems/heartbeat_executable" to ""
[10.554s] -- Installing: /home/user/ros2_ws/src/install/mars_rover_systems/lib/mars_rover_systems/heartbeat_executable2
[10.555s] -- Set runtime path of "/home/user/ros2_ws/src/install/mars_rover_systems/lib/mars_rover_systems/heartbeat_executable2" to ""
[10.555s] -- Installing: /home/user/ros2_ws/src/install/mars_rover_systems/lib/mars_rover_systems/temperaturemonitor_executable
[10.556s] -- Set runtime path of "/home/user/ros2_ws/src/install/mars_rover_systems/lib/mars_rover_systems/temperaturemonitor_executable" to ""
[10.556s] -- Installing: /home/user/ros2_ws/src/install/mars_rover_systems/share/mars_rover_systems//launch
[10.556s] -- Installing: /home/user/ros2_ws/src/install/mars_rover_systems/share/mars_rover_systems//launch/start_mars_rover_systems.launch.py
[10.557s] -- Installing: /home/user/ros2_ws/src/install/mars_rover_systems/share/mars_rover_systems//launch/two_rover_heartbeat.launch.py
[10.557s] -- Installing: /home/user/ros2_ws/src/install/mars_rover_systems/share/ament_index/resource_index/package_run_dependencies/mars_rover_systems
[10.557s] -- Installing: /home/user/ros2_ws/src/install/mars_rover_systems/share/ament_index/resource_index/parent_prefix_path/mars_rover_systems
[10.557s] -- Installing: /home/user/ros2_ws/src/install/mars_rover_systems/share/mars_rover_systems/environment/ament_prefix_path.sh
[10.557s] -- Installing: /home/user/ros2_ws/src/install/mars_rover_systems/share/mars_rover_systems/environment/ament_prefix_path.dsv
[10.557s] -- Installing: /home/user/ros2_ws/src/install/mars_rover_systems/share/mars_rover_systems/environment/path.sh
[10.558s] -- Installing: /home/user/ros2_ws/src/install/mars_rover_systems/share/mars_rover_systems/environment/path.dsv
[10.558s] -- Installing: /home/user/ros2_ws/src/install/mars_rover_systems/share/mars_rover_systems/local_setup.bash
[10.558s] -- Installing: /home/user/ros2_ws/src/install/mars_rover_systems/share/mars_rover_systems/local_setup.sh
[10.558s] -- Installing: /home/user/ros2_ws/src/install/mars_rover_systems/share/mars_rover_systems/local_setup.zsh
[10.558s] -- Installing: /home/user/ros2_ws/src/install/mars_rover_systems/share/mars_rover_systems/local_setup.dsv
[10.559s] -- Installing: /home/user/ros2_ws/src/install/mars_rover_systems/share/mars_rover_systems/package.dsv
[10.559s] -- Installing: /home/user/ros2_ws/src/install/mars_rover_systems/share/ament_index/resource_index/packages/mars_rover_systems
[10.560s] -- Installing: /home/user/ros2_ws/src/install/mars_rover_systems/share/mars_rover_systems/cmake/mars_rover_systemsConfig.cmake
[10.560s] -- Installing: /home/user/ros2_ws/src/install/mars_rover_systems/share/mars_rover_systems/cmake/mars_rover_systemsConfig-version.cmake
[10.560s] -- Installing: /home/user/ros2_ws/src/install/mars_rover_systems/share/mars_rover_systems/package.xml
[10.562s] Invoked command in '/home/user/ros2_ws/src/build/mars_rover_systems' returned '0': CMAKE_PREFIX_PATH=${CMAKE_PREFIX_PATH}:/home/simulations/ros2_sims_ws/install/tracetools_test:/home/simulations/ros2_sims_ws/install/tracetools_launch:/home/simulations/ros2_sims_ws/install/ros2trace:/home/simulations/ros2_sims_ws/install/tracetools_trace:/home/simulations/ros2_sims_ws/install/ros2trace_analysis:/home/simulations/ros2_sims_ws/install/tracetools_analysis:/home/simulations/ros2_sims_ws/install/tracetools_read:/home/simulations/ros2_sims_ws/install/test_tracetools_launch:/opt/ros/humble:/home/simulations/ros2_sims_ws/install/robot_description _=/usr/bin/env /usr/bin/cmake --install /home/user/ros2_ws/src/build/mars_rover_systems
