[0.134s] DEBUG:colcon:Command line arguments: ['/usr/bin/colcon', 'build', '--packages-select', 'basics_ros2_multithreading']
[0.134s] DEBUG:colcon:Parsed command line arguments: Namespace(log_base=None, log_level=None, verb_name='build', build_base='build', install_base='install', merge_install=False, symlink_install=False, test_result_base=None, continue_on_error=False, executor='parallel', parallel_workers=8, event_handlers=None, ignore_user_meta=False, metas=['./colcon.meta'], base_paths=['.'], packages_ignore=None, packages_ignore_regex=None, paths=None, packages_up_to=None, packages_up_to_regex=None, packages_above=None, packages_above_and_dependencies=None, packages_above_depth=None, packages_select_by_dep=None, packages_skip_by_dep=None, packages_skip_up_to=None, packages_select_build_failed=False, packages_skip_build_finished=False, packages_select_test_failures=False, packages_skip_test_passed=False, packages_select=['basics_ros2_multithreading'], packages_skip=None, packages_select_regex=None, packages_skip_regex=None, packages_start=None, packages_end=None, lookup_in_workspace=False, cargo_args=None, clean_build=False, cmake_args=None, cmake_target=None, cmake_target_skip_unavailable=False, cmake_clean_cache=False, cmake_clean_first=False, cmake_force_configure=False, ament_cmake_args=None, catkin_cmake_args=None, catkin_skip_building_tests=False, mixin_files=None, mixin=None, verb_parser=<colcon_mixin.mixin.mixin_argument.MixinArgumentDecorator object at 0x7f7817e69a80>, verb_extension=<colcon_core.verb.build.BuildVerb object at 0x7f7817e68f10>, main=<bound method BuildVerb.main of <colcon_core.verb.build.BuildVerb object at 0x7f7817e68f10>>, mixin_verb=('build',))
[0.349s] Level 1:colcon.colcon_core.package_discovery:discover_packages(colcon_meta) check parameters
[0.349s] Level 1:colcon.colcon_core.package_discovery:discover_packages(recursive) check parameters
[0.349s] Level 1:colcon.colcon_core.package_discovery:discover_packages(ignore) check parameters
[0.349s] Level 1:colcon.colcon_core.package_discovery:discover_packages(path) check parameters
[0.349s] Level 1:colcon.colcon_core.package_discovery:discover_packages(colcon_meta) discover
[0.349s] Level 1:colcon.colcon_core.package_discovery:discover_packages(recursive) discover
[0.349s] INFO:colcon.colcon_core.package_discovery:Crawling recursively for packages in '/home/user/ros2_ws/src'
[0.349s] Level 1:colcon.colcon_core.package_identification:_identify(.) by extensions ['ignore', 'ignore_ament_install']
[0.349s] Level 1:colcon.colcon_core.package_identification:_identify(.) by extension 'ignore'
[0.350s] Level 1:colcon.colcon_core.package_identification:_identify(.) by extension 'ignore_ament_install'
[0.350s] Level 1:colcon.colcon_core.package_identification:_identify(.) by extensions ['colcon_pkg']
[0.350s] Level 1:colcon.colcon_core.package_identification:_identify(.) by extension 'colcon_pkg'
[0.350s] Level 1:colcon.colcon_core.package_identification:_identify(.) by extensions ['colcon_meta']
[0.350s] Level 1:colcon.colcon_core.package_identification:_identify(.) by extension 'colcon_meta'
[0.350s] Level 1:colcon.colcon_core.package_identification:_identify(.) by extensions ['ament_cargo']
[0.350s] Level 1:colcon.colcon_core.package_identification:_identify(.) by extension 'ament_cargo'
[0.350s] Level 1:colcon.colcon_core.package_identification:_identify(.) by extensions ['ros']
[0.350s] Level 1:colcon.colcon_core.package_identification:_identify(.) by extension 'ros'
[0.372s] Level 1:colcon.colcon_core.package_identification:_identify(.) by extensions ['cargo', 'cmake', 'python']
[0.372s] Level 1:colcon.colcon_core.package_identification:_identify(.) by extension 'cargo'
[0.372s] Level 1:colcon.colcon_core.package_identification:_identify(.) by extension 'cmake'
[0.372s] Level 1:colcon.colcon_core.package_identification:_identify(.) by extension 'python'
[0.372s] Level 1:colcon.colcon_core.package_identification:_identify(.) by extensions ['python_setup_py']
[0.372s] Level 1:colcon.colcon_core.package_identification:_identify(.) by extension 'python_setup_py'
[0.372s] Level 1:colcon.colcon_core.package_identification:_identify(basic_ros2_extra_files) by extensions ['ignore', 'ignore_ament_install']
[0.372s] Level 1:colcon.colcon_core.package_identification:_identify(basic_ros2_extra_files) by extension 'ignore'
[0.373s] Level 1:colcon.colcon_core.package_identification:_identify(basic_ros2_extra_files) by extension 'ignore_ament_install'
[0.373s] Level 1:colcon.colcon_core.package_identification:_identify(basic_ros2_extra_files) by extensions ['colcon_pkg']
[0.373s] Level 1:colcon.colcon_core.package_identification:_identify(basic_ros2_extra_files) by extension 'colcon_pkg'
[0.373s] Level 1:colcon.colcon_core.package_identification:_identify(basic_ros2_extra_files) by extensions ['colcon_meta']
[0.373s] Level 1:colcon.colcon_core.package_identification:_identify(basic_ros2_extra_files) by extension 'colcon_meta'
[0.373s] Level 1:colcon.colcon_core.package_identification:_identify(basic_ros2_extra_files) by extensions ['ament_cargo']
[0.373s] Level 1:colcon.colcon_core.package_identification:_identify(basic_ros2_extra_files) by extension 'ament_cargo'
[0.373s] Level 1:colcon.colcon_core.package_identification:_identify(basic_ros2_extra_files) by extensions ['ros']
[0.373s] Level 1:colcon.colcon_core.package_identification:_identify(basic_ros2_extra_files) by extension 'ros'
[0.373s] Level 1:colcon.colcon_core.package_identification:_identify(basic_ros2_extra_files) by extensions ['cargo', 'cmake', 'python']
[0.373s] Level 1:colcon.colcon_core.package_identification:_identify(basic_ros2_extra_files) by extension 'cargo'
[0.373s] Level 1:colcon.colcon_core.package_identification:_identify(basic_ros2_extra_files) by extension 'cmake'
[0.373s] Level 1:colcon.colcon_core.package_identification:_identify(basic_ros2_extra_files) by extension 'python'
[0.373s] Level 1:colcon.colcon_core.package_identification:_identify(basic_ros2_extra_files) by extensions ['python_setup_py']
[0.373s] Level 1:colcon.colcon_core.package_identification:_identify(basic_ros2_extra_files) by extension 'python_setup_py'
[0.373s] Level 1:colcon.colcon_core.package_identification:_identify(basic_ros2_extra_files/plant_detector) by extensions ['ignore', 'ignore_ament_install']
[0.373s] Level 1:colcon.colcon_core.package_identification:_identify(basic_ros2_extra_files/plant_detector) by extension 'ignore'
[0.373s] Level 1:colcon.colcon_core.package_identification:_identify(basic_ros2_extra_files/plant_detector) by extension 'ignore_ament_install'
[0.373s] Level 1:colcon.colcon_core.package_identification:_identify(basic_ros2_extra_files/plant_detector) by extensions ['colcon_pkg']
[0.373s] Level 1:colcon.colcon_core.package_identification:_identify(basic_ros2_extra_files/plant_detector) by extension 'colcon_pkg'
[0.374s] Level 1:colcon.colcon_core.package_identification:_identify(basic_ros2_extra_files/plant_detector) by extensions ['colcon_meta']
[0.374s] Level 1:colcon.colcon_core.package_identification:_identify(basic_ros2_extra_files/plant_detector) by extension 'colcon_meta'
[0.374s] Level 1:colcon.colcon_core.package_identification:_identify(basic_ros2_extra_files/plant_detector) by extensions ['ament_cargo']
[0.374s] Level 1:colcon.colcon_core.package_identification:_identify(basic_ros2_extra_files/plant_detector) by extension 'ament_cargo'
[0.374s] Level 1:colcon.colcon_core.package_identification:_identify(basic_ros2_extra_files/plant_detector) by extensions ['ros']
[0.374s] Level 1:colcon.colcon_core.package_identification:_identify(basic_ros2_extra_files/plant_detector) by extension 'ros'
[0.374s] Level 1:colcon.colcon_core.package_identification:_identify(basic_ros2_extra_files/plant_detector) by extensions ['cargo', 'cmake', 'python']
[0.374s] Level 1:colcon.colcon_core.package_identification:_identify(basic_ros2_extra_files/plant_detector) by extension 'cargo'
[0.374s] Level 1:colcon.colcon_core.package_identification:_identify(basic_ros2_extra_files/plant_detector) by extension 'cmake'
[0.374s] Level 1:colcon.colcon_core.package_identification:_identify(basic_ros2_extra_files/plant_detector) by extension 'python'
[0.374s] Level 1:colcon.colcon_core.package_identification:_identify(basic_ros2_extra_files/plant_detector) by extensions ['python_setup_py']
[0.374s] Level 1:colcon.colcon_core.package_identification:_identify(basic_ros2_extra_files/plant_detector) by extension 'python_setup_py'
[0.374s] Level 1:colcon.colcon_core.package_identification:_identify(basic_ros2_extra_files/text_detector) by extensions ['ignore', 'ignore_ament_install']
[0.374s] Level 1:colcon.colcon_core.package_identification:_identify(basic_ros2_extra_files/text_detector) by extension 'ignore'
[0.374s] Level 1:colcon.colcon_core.package_identification:_identify(basic_ros2_extra_files/text_detector) by extension 'ignore_ament_install'
[0.374s] Level 1:colcon.colcon_core.package_identification:_identify(basic_ros2_extra_files/text_detector) by extensions ['colcon_pkg']
[0.374s] Level 1:colcon.colcon_core.package_identification:_identify(basic_ros2_extra_files/text_detector) by extension 'colcon_pkg'
[0.374s] Level 1:colcon.colcon_core.package_identification:_identify(basic_ros2_extra_files/text_detector) by extensions ['colcon_meta']
[0.374s] Level 1:colcon.colcon_core.package_identification:_identify(basic_ros2_extra_files/text_detector) by extension 'colcon_meta'
[0.374s] Level 1:colcon.colcon_core.package_identification:_identify(basic_ros2_extra_files/text_detector) by extensions ['ament_cargo']
[0.374s] Level 1:colcon.colcon_core.package_identification:_identify(basic_ros2_extra_files/text_detector) by extension 'ament_cargo'
[0.375s] Level 1:colcon.colcon_core.package_identification:_identify(basic_ros2_extra_files/text_detector) by extensions ['ros']
[0.375s] Level 1:colcon.colcon_core.package_identification:_identify(basic_ros2_extra_files/text_detector) by extension 'ros'
[0.375s] Level 1:colcon.colcon_core.package_identification:_identify(basic_ros2_extra_files/text_detector) by extensions ['cargo', 'cmake', 'python']
[0.375s] Level 1:colcon.colcon_core.package_identification:_identify(basic_ros2_extra_files/text_detector) by extension 'cargo'
[0.375s] Level 1:colcon.colcon_core.package_identification:_identify(basic_ros2_extra_files/text_detector) by extension 'cmake'
[0.375s] Level 1:colcon.colcon_core.package_identification:_identify(basic_ros2_extra_files/text_detector) by extension 'python'
[0.375s] Level 1:colcon.colcon_core.package_identification:_identify(basic_ros2_extra_files/text_detector) by extensions ['python_setup_py']
[0.375s] Level 1:colcon.colcon_core.package_identification:_identify(basic_ros2_extra_files/text_detector) by extension 'python_setup_py'
[0.375s] Level 1:colcon.colcon_core.package_identification:_identify(basics_ros2_multithreading) by extensions ['ignore', 'ignore_ament_install']
[0.375s] Level 1:colcon.colcon_core.package_identification:_identify(basics_ros2_multithreading) by extension 'ignore'
[0.375s] Level 1:colcon.colcon_core.package_identification:_identify(basics_ros2_multithreading) by extension 'ignore_ament_install'
[0.375s] Level 1:colcon.colcon_core.package_identification:_identify(basics_ros2_multithreading) by extensions ['colcon_pkg']
[0.375s] Level 1:colcon.colcon_core.package_identification:_identify(basics_ros2_multithreading) by extension 'colcon_pkg'
[0.375s] Level 1:colcon.colcon_core.package_identification:_identify(basics_ros2_multithreading) by extensions ['colcon_meta']
[0.375s] Level 1:colcon.colcon_core.package_identification:_identify(basics_ros2_multithreading) by extension 'colcon_meta'
[0.375s] Level 1:colcon.colcon_core.package_identification:_identify(basics_ros2_multithreading) by extensions ['ament_cargo']
[0.375s] Level 1:colcon.colcon_core.package_identification:_identify(basics_ros2_multithreading) by extension 'ament_cargo'
[0.375s] Level 1:colcon.colcon_core.package_identification:_identify(basics_ros2_multithreading) by extensions ['ros']
[0.375s] Level 1:colcon.colcon_core.package_identification:_identify(basics_ros2_multithreading) by extension 'ros'
[0.378s] DEBUG:colcon.colcon_core.package_identification:Package 'basics_ros2_multithreading' with type 'ros.ament_cmake' and name 'basics_ros2_multithreading'
[0.378s] Level 1:colcon.colcon_core.package_identification:_identify(build) by extensions ['ignore', 'ignore_ament_install']
[0.378s] Level 1:colcon.colcon_core.package_identification:_identify(build) by extension 'ignore'
[0.378s] Level 1:colcon.colcon_core.package_identification:_identify(build) ignored
[0.378s] Level 1:colcon.colcon_core.package_identification:_identify(install) by extensions ['ignore', 'ignore_ament_install']
[0.378s] Level 1:colcon.colcon_core.package_identification:_identify(install) by extension 'ignore'
[0.378s] Level 1:colcon.colcon_core.package_identification:_identify(install) ignored
[0.378s] Level 1:colcon.colcon_core.package_identification:_identify(launch) by extensions ['ignore', 'ignore_ament_install']
[0.379s] Level 1:colcon.colcon_core.package_identification:_identify(launch) by extension 'ignore'
[0.379s] Level 1:colcon.colcon_core.package_identification:_identify(launch) by extension 'ignore_ament_install'
[0.379s] Level 1:colcon.colcon_core.package_identification:_identify(launch) by extensions ['colcon_pkg']
[0.379s] Level 1:colcon.colcon_core.package_identification:_identify(launch) by extension 'colcon_pkg'
[0.379s] Level 1:colcon.colcon_core.package_identification:_identify(launch) by extensions ['colcon_meta']
[0.379s] Level 1:colcon.colcon_core.package_identification:_identify(launch) by extension 'colcon_meta'
[0.379s] Level 1:colcon.colcon_core.package_identification:_identify(launch) by extensions ['ament_cargo']
[0.379s] Level 1:colcon.colcon_core.package_identification:_identify(launch) by extension 'ament_cargo'
[0.379s] Level 1:colcon.colcon_core.package_identification:_identify(launch) by extensions ['ros']
[0.379s] Level 1:colcon.colcon_core.package_identification:_identify(launch) by extension 'ros'
[0.379s] Level 1:colcon.colcon_core.package_identification:_identify(launch) by extensions ['cargo', 'cmake', 'python']
[0.379s] Level 1:colcon.colcon_core.package_identification:_identify(launch) by extension 'cargo'
[0.379s] Level 1:colcon.colcon_core.package_identification:_identify(launch) by extension 'cmake'
[0.379s] Level 1:colcon.colcon_core.package_identification:_identify(launch) by extension 'python'
[0.379s] Level 1:colcon.colcon_core.package_identification:_identify(launch) by extensions ['python_setup_py']
[0.379s] Level 1:colcon.colcon_core.package_identification:_identify(launch) by extension 'python_setup_py'
[0.379s] Level 1:colcon.colcon_core.package_identification:_identify(log) by extensions ['ignore', 'ignore_ament_install']
[0.379s] Level 1:colcon.colcon_core.package_identification:_identify(log) by extension 'ignore'
[0.380s] Level 1:colcon.colcon_core.package_identification:_identify(log) ignored
[0.380s] Level 1:colcon.colcon_core.package_identification:_identify(mars_rover_systems) by extensions ['ignore', 'ignore_ament_install']
[0.380s] Level 1:colcon.colcon_core.package_identification:_identify(mars_rover_systems) by extension 'ignore'
[0.380s] Level 1:colcon.colcon_core.package_identification:_identify(mars_rover_systems) by extension 'ignore_ament_install'
[0.380s] Level 1:colcon.colcon_core.package_identification:_identify(mars_rover_systems) by extensions ['colcon_pkg']
[0.380s] Level 1:colcon.colcon_core.package_identification:_identify(mars_rover_systems) by extension 'colcon_pkg'
[0.380s] Level 1:colcon.colcon_core.package_identification:_identify(mars_rover_systems) by extensions ['colcon_meta']
[0.380s] Level 1:colcon.colcon_core.package_identification:_identify(mars_rover_systems) by extension 'colcon_meta'
[0.380s] Level 1:colcon.colcon_core.package_identification:_identify(mars_rover_systems) by extensions ['ament_cargo']
[0.380s] Level 1:colcon.colcon_core.package_identification:_identify(mars_rover_systems) by extension 'ament_cargo'
[0.380s] Level 1:colcon.colcon_core.package_identification:_identify(mars_rover_systems) by extensions ['ros']
[0.380s] Level 1:colcon.colcon_core.package_identification:_identify(mars_rover_systems) by extension 'ros'
[0.381s] DEBUG:colcon.colcon_core.package_identification:Package 'mars_rover_systems' with type 'ros.ament_cmake' and name 'mars_rover_systems'
[0.381s] Level 1:colcon.colcon_core.package_identification:_identify(mars_rover_tasks) by extensions ['ignore', 'ignore_ament_install']
[0.381s] Level 1:colcon.colcon_core.package_identification:_identify(mars_rover_tasks) by extension 'ignore'
[0.381s] Level 1:colcon.colcon_core.package_identification:_identify(mars_rover_tasks) by extension 'ignore_ament_install'
[0.381s] Level 1:colcon.colcon_core.package_identification:_identify(mars_rover_tasks) by extensions ['colcon_pkg']
[0.381s] Level 1:colcon.colcon_core.package_identification:_identify(mars_rover_tasks) by extension 'colcon_pkg'
[0.381s] Level 1:colcon.colcon_core.package_identification:_identify(mars_rover_tasks) by extensions ['colcon_meta']
[0.381s] Level 1:colcon.colcon_core.package_identification:_identify(mars_rover_tasks) by extension 'colcon_meta'
[0.381s] Level 1:colcon.colcon_core.package_identification:_identify(mars_rover_tasks) by extensions ['ament_cargo']
[0.381s] Level 1:colcon.colcon_core.package_identification:_identify(mars_rover_tasks) by extension 'ament_cargo'
[0.381s] Level 1:colcon.colcon_core.package_identification:_identify(mars_rover_tasks) by extensions ['ros']
[0.381s] Level 1:colcon.colcon_core.package_identification:_identify(mars_rover_tasks) by extension 'ros'
[0.382s] DEBUG:colcon.colcon_core.package_identification:Package 'mars_rover_tasks' with type 'ros.ament_cmake' and name 'mars_rover_tasks'
[0.382s] Level 1:colcon.colcon_core.package_identification:_identify(src) by extensions ['ignore', 'ignore_ament_install']
[0.382s] Level 1:colcon.colcon_core.package_identification:_identify(src) by extension 'ignore'
[0.383s] Level 1:colcon.colcon_core.package_identification:_identify(src) by extension 'ignore_ament_install'
[0.383s] Level 1:colcon.colcon_core.package_identification:_identify(src) by extensions ['colcon_pkg']
[0.383s] Level 1:colcon.colcon_core.package_identification:_identify(src) by extension 'colcon_pkg'
[0.383s] Level 1:colcon.colcon_core.package_identification:_identify(src) by extensions ['colcon_meta']
[0.383s] Level 1:colcon.colcon_core.package_identification:_identify(src) by extension 'colcon_meta'
[0.383s] Level 1:colcon.colcon_core.package_identification:_identify(src) by extensions ['ament_cargo']
[0.383s] Level 1:colcon.colcon_core.package_identification:_identify(src) by extension 'ament_cargo'
[0.383s] Level 1:colcon.colcon_core.package_identification:_identify(src) by extensions ['ros']
[0.383s] Level 1:colcon.colcon_core.package_identification:_identify(src) by extension 'ros'
[0.383s] Level 1:colcon.colcon_core.package_identification:_identify(src) by extensions ['cargo', 'cmake', 'python']
[0.383s] Level 1:colcon.colcon_core.package_identification:_identify(src) by extension 'cargo'
[0.383s] Level 1:colcon.colcon_core.package_identification:_identify(src) by extension 'cmake'
[0.383s] Level 1:colcon.colcon_core.package_identification:_identify(src) by extension 'python'
[0.383s] Level 1:colcon.colcon_core.package_identification:_identify(src) by extensions ['python_setup_py']
[0.383s] Level 1:colcon.colcon_core.package_identification:_identify(src) by extension 'python_setup_py'
[0.383s] Level 1:colcon.colcon_core.package_identification:_identify(topics_quiz) by extensions ['ignore', 'ignore_ament_install']
[0.383s] Level 1:colcon.colcon_core.package_identification:_identify(topics_quiz) by extension 'ignore'
[0.383s] Level 1:colcon.colcon_core.package_identification:_identify(topics_quiz) by extension 'ignore_ament_install'
[0.383s] Level 1:colcon.colcon_core.package_identification:_identify(topics_quiz) by extensions ['colcon_pkg']
[0.383s] Level 1:colcon.colcon_core.package_identification:_identify(topics_quiz) by extension 'colcon_pkg'
[0.384s] Level 1:colcon.colcon_core.package_identification:_identify(topics_quiz) by extensions ['colcon_meta']
[0.384s] Level 1:colcon.colcon_core.package_identification:_identify(topics_quiz) by extension 'colcon_meta'
[0.384s] Level 1:colcon.colcon_core.package_identification:_identify(topics_quiz) by extensions ['ament_cargo']
[0.384s] Level 1:colcon.colcon_core.package_identification:_identify(topics_quiz) by extension 'ament_cargo'
[0.384s] Level 1:colcon.colcon_core.package_identification:_identify(topics_quiz) by extensions ['ros']
[0.384s] Level 1:colcon.colcon_core.package_identification:_identify(topics_quiz) by extension 'ros'
[0.385s] DEBUG:colcon.colcon_core.package_identification:Package 'topics_quiz' with type 'ros.ament_cmake' and name 'topics_quiz'
[0.385s] Level 1:colcon.colcon_core.package_discovery:discover_packages(recursive) using defaults
[0.385s] Level 1:colcon.colcon_core.package_discovery:discover_packages(ignore) discover
[0.385s] Level 1:colcon.colcon_core.package_discovery:discover_packages(ignore) using defaults
[0.385s] Level 1:colcon.colcon_core.package_discovery:discover_packages(path) discover
[0.385s] Level 1:colcon.colcon_core.package_discovery:discover_packages(path) using defaults
[0.406s] INFO:colcon.colcon_core.package_selection:Skipping not selected package 'mars_rover_systems' in 'mars_rover_systems'
[0.407s] INFO:colcon.colcon_core.package_selection:Skipping not selected package 'mars_rover_tasks' in 'mars_rover_tasks'
[0.407s] INFO:colcon.colcon_core.package_selection:Skipping not selected package 'topics_quiz' in 'topics_quiz'
[0.407s] Level 5:colcon.colcon_core.verb:set package 'basics_ros2_multithreading' build argument 'lookup_in_workspace' from command line to 'False'
[0.407s] Level 5:colcon.colcon_core.verb:set package 'basics_ros2_multithreading' build argument 'cargo_args' from command line to 'None'
[0.407s] Level 5:colcon.colcon_core.verb:set package 'basics_ros2_multithreading' build argument 'clean_build' from command line to 'False'
[0.407s] Level 5:colcon.colcon_core.verb:set package 'basics_ros2_multithreading' build argument 'cmake_args' from command line to 'None'
[0.407s] Level 5:colcon.colcon_core.verb:set package 'basics_ros2_multithreading' build argument 'cmake_target' from command line to 'None'
[0.407s] Level 5:colcon.colcon_core.verb:set package 'basics_ros2_multithreading' build argument 'cmake_target_skip_unavailable' from command line to 'False'
[0.407s] Level 5:colcon.colcon_core.verb:set package 'basics_ros2_multithreading' build argument 'cmake_clean_cache' from command line to 'False'
[0.407s] Level 5:colcon.colcon_core.verb:set package 'basics_ros2_multithreading' build argument 'cmake_clean_first' from command line to 'False'
[0.407s] Level 5:colcon.colcon_core.verb:set package 'basics_ros2_multithreading' build argument 'cmake_force_configure' from command line to 'False'
[0.407s] Level 5:colcon.colcon_core.verb:set package 'basics_ros2_multithreading' build argument 'ament_cmake_args' from command line to 'None'
[0.407s] Level 5:colcon.colcon_core.verb:set package 'basics_ros2_multithreading' build argument 'catkin_cmake_args' from command line to 'None'
[0.407s] Level 5:colcon.colcon_core.verb:set package 'basics_ros2_multithreading' build argument 'catkin_skip_building_tests' from command line to 'False'
[0.407s] DEBUG:colcon.colcon_core.verb:Building package 'basics_ros2_multithreading' with the following arguments: {'ament_cmake_args': None, 'build_base': '/home/user/ros2_ws/src/build/basics_ros2_multithreading', 'cargo_args': None, 'catkin_cmake_args': None, 'catkin_skip_building_tests': False, 'clean_build': False, 'cmake_args': None, 'cmake_clean_cache': False, 'cmake_clean_first': False, 'cmake_force_configure': False, 'cmake_target': None, 'cmake_target_skip_unavailable': False, 'install_base': '/home/user/ros2_ws/src/install/basics_ros2_multithreading', 'lookup_in_workspace': False, 'merge_install': False, 'path': '/home/user/ros2_ws/src/basics_ros2_multithreading', 'symlink_install': False, 'test_result_base': None}
[0.408s] INFO:colcon.colcon_core.executor:Executing jobs using 'parallel' executor
[0.409s] DEBUG:colcon.colcon_parallel_executor.executor.parallel:run_until_complete
[0.409s] INFO:colcon.colcon_ros.task.ament_cmake.build:Building ROS package in '/home/user/ros2_ws/src/basics_ros2_multithreading' with build type 'ament_cmake'
[0.409s] INFO:colcon.colcon_cmake.task.cmake.build:Building CMake package in '/home/user/ros2_ws/src/basics_ros2_multithreading'
[0.412s] INFO:colcon.colcon_core.plugin_system:Skipping extension 'colcon_core.shell.bat': Not used on non-Windows systems
[0.412s] INFO:colcon.colcon_core.shell:Skip shell extension 'powershell' for command environment: Not usable outside of PowerShell
[0.412s] DEBUG:colcon.colcon_core.shell:Skip shell extension 'dsv' for command environment
[0.428s] DEBUG:colcon.colcon_core.event_handler.log_command:Invoking command in '/home/user/ros2_ws/src/build/basics_ros2_multithreading': CMAKE_PREFIX_PATH=${CMAKE_PREFIX_PATH}:/home/simulations/ros2_sims_ws/install/tracetools_test:/home/simulations/ros2_sims_ws/install/tracetools_launch:/home/simulations/ros2_sims_ws/install/ros2trace:/home/simulations/ros2_sims_ws/install/tracetools_trace:/home/simulations/ros2_sims_ws/install/ros2trace_analysis:/home/simulations/ros2_sims_ws/install/tracetools_analysis:/home/simulations/ros2_sims_ws/install/tracetools_read:/home/simulations/ros2_sims_ws/install/test_tracetools_launch:/opt/ros/humble:/home/simulations/ros2_sims_ws/install/robot_description _=/usr/bin/env /usr/bin/cmake --build /home/user/ros2_ws/src/build/basics_ros2_multithreading -- -j8 -l8
[12.506s] DEBUG:colcon.colcon_core.event_handler.log_command:Invoked command in '/home/user/ros2_ws/src/build/basics_ros2_multithreading' returned '0': CMAKE_PREFIX_PATH=${CMAKE_PREFIX_PATH}:/home/simulations/ros2_sims_ws/install/tracetools_test:/home/simulations/ros2_sims_ws/install/tracetools_launch:/home/simulations/ros2_sims_ws/install/ros2trace:/home/simulations/ros2_sims_ws/install/tracetools_trace:/home/simulations/ros2_sims_ws/install/ros2trace_analysis:/home/simulations/ros2_sims_ws/install/tracetools_analysis:/home/simulations/ros2_sims_ws/install/tracetools_read:/home/simulations/ros2_sims_ws/install/test_tracetools_launch:/opt/ros/humble:/home/simulations/ros2_sims_ws/install/robot_description _=/usr/bin/env /usr/bin/cmake --build /home/user/ros2_ws/src/build/basics_ros2_multithreading -- -j8 -l8
[12.553s] DEBUG:colcon.colcon_core.event_handler.log_command:Invoking command in '/home/user/ros2_ws/src/build/basics_ros2_multithreading': CMAKE_PREFIX_PATH=${CMAKE_PREFIX_PATH}:/home/simulations/ros2_sims_ws/install/tracetools_test:/home/simulations/ros2_sims_ws/install/tracetools_launch:/home/simulations/ros2_sims_ws/install/ros2trace:/home/simulations/ros2_sims_ws/install/tracetools_trace:/home/simulations/ros2_sims_ws/install/ros2trace_analysis:/home/simulations/ros2_sims_ws/install/tracetools_analysis:/home/simulations/ros2_sims_ws/install/tracetools_read:/home/simulations/ros2_sims_ws/install/test_tracetools_launch:/opt/ros/humble:/home/simulations/ros2_sims_ws/install/robot_description _=/usr/bin/env /usr/bin/cmake --install /home/user/ros2_ws/src/build/basics_ros2_multithreading
[12.583s] Level 1:colcon.colcon_core.environment:create_environment_scripts_only(basics_ros2_multithreading)
[12.584s] DEBUG:colcon.colcon_core.event_handler.log_command:Invoked command in '/home/user/ros2_ws/src/build/basics_ros2_multithreading' returned '0': CMAKE_PREFIX_PATH=${CMAKE_PREFIX_PATH}:/home/simulations/ros2_sims_ws/install/tracetools_test:/home/simulations/ros2_sims_ws/install/tracetools_launch:/home/simulations/ros2_sims_ws/install/ros2trace:/home/simulations/ros2_sims_ws/install/tracetools_trace:/home/simulations/ros2_sims_ws/install/ros2trace_analysis:/home/simulations/ros2_sims_ws/install/tracetools_analysis:/home/simulations/ros2_sims_ws/install/tracetools_read:/home/simulations/ros2_sims_ws/install/test_tracetools_launch:/opt/ros/humble:/home/simulations/ros2_sims_ws/install/robot_description _=/usr/bin/env /usr/bin/cmake --install /home/user/ros2_ws/src/build/basics_ros2_multithreading
[12.586s] Level 1:colcon.colcon_core.environment:checking '/home/user/ros2_ws/src/install/basics_ros2_multithreading' for CMake module files
[12.586s] Level 1:colcon.colcon_core.environment:checking '/home/user/ros2_ws/src/install/basics_ros2_multithreading' for CMake config files
[12.587s] Level 1:colcon.colcon_core.shell:create_environment_hook('basics_ros2_multithreading', 'cmake_prefix_path')
[12.587s] INFO:colcon.colcon_core.shell:Creating environment hook '/home/user/ros2_ws/src/install/basics_ros2_multithreading/share/basics_ros2_multithreading/hook/cmake_prefix_path.ps1'
[12.587s] INFO:colcon.colcon_core.shell:Creating environment descriptor '/home/user/ros2_ws/src/install/basics_ros2_multithreading/share/basics_ros2_multithreading/hook/cmake_prefix_path.dsv'
[12.588s] INFO:colcon.colcon_core.shell:Creating environment hook '/home/user/ros2_ws/src/install/basics_ros2_multithreading/share/basics_ros2_multithreading/hook/cmake_prefix_path.sh'
[12.589s] Level 1:colcon.colcon_core.environment:checking '/home/user/ros2_ws/src/install/basics_ros2_multithreading/lib'
[12.589s] Level 1:colcon.colcon_core.environment:checking '/home/user/ros2_ws/src/install/basics_ros2_multithreading/bin'
[12.589s] Level 1:colcon.colcon_core.environment:checking '/home/user/ros2_ws/src/install/basics_ros2_multithreading/lib/pkgconfig/basics_ros2_multithreading.pc'
[12.590s] Level 1:colcon.colcon_core.environment:checking '/home/user/ros2_ws/src/install/basics_ros2_multithreading/lib/python3.10/site-packages'
[12.591s] Level 1:colcon.colcon_core.environment:checking '/home/user/ros2_ws/src/install/basics_ros2_multithreading/bin'
[12.591s] INFO:colcon.colcon_core.shell:Creating package script '/home/user/ros2_ws/src/install/basics_ros2_multithreading/share/basics_ros2_multithreading/package.ps1'
[12.592s] INFO:colcon.colcon_core.shell:Creating package descriptor '/home/user/ros2_ws/src/install/basics_ros2_multithreading/share/basics_ros2_multithreading/package.dsv'
[12.592s] INFO:colcon.colcon_core.shell:Creating package script '/home/user/ros2_ws/src/install/basics_ros2_multithreading/share/basics_ros2_multithreading/package.sh'
[12.594s] INFO:colcon.colcon_core.shell:Creating package script '/home/user/ros2_ws/src/install/basics_ros2_multithreading/share/basics_ros2_multithreading/package.bash'
[12.595s] INFO:colcon.colcon_core.shell:Creating package script '/home/user/ros2_ws/src/install/basics_ros2_multithreading/share/basics_ros2_multithreading/package.zsh'
[12.596s] Level 1:colcon.colcon_core.environment:create_file_with_runtime_dependencies(/home/user/ros2_ws/src/install/basics_ros2_multithreading/share/colcon-core/packages/basics_ros2_multithreading)
[12.632s] Level 1:colcon.colcon_core.environment:create_environment_scripts_only(basics_ros2_multithreading)
[12.633s] Level 1:colcon.colcon_core.environment:checking '/home/user/ros2_ws/src/install/basics_ros2_multithreading' for CMake module files
[12.634s] Level 1:colcon.colcon_core.environment:checking '/home/user/ros2_ws/src/install/basics_ros2_multithreading' for CMake config files
[12.634s] Level 1:colcon.colcon_core.shell:create_environment_hook('basics_ros2_multithreading', 'cmake_prefix_path')
[12.634s] INFO:colcon.colcon_core.shell:Creating environment hook '/home/user/ros2_ws/src/install/basics_ros2_multithreading/share/basics_ros2_multithreading/hook/cmake_prefix_path.ps1'
[12.635s] INFO:colcon.colcon_core.shell:Creating environment descriptor '/home/user/ros2_ws/src/install/basics_ros2_multithreading/share/basics_ros2_multithreading/hook/cmake_prefix_path.dsv'
[12.635s] INFO:colcon.colcon_core.shell:Creating environment hook '/home/user/ros2_ws/src/install/basics_ros2_multithreading/share/basics_ros2_multithreading/hook/cmake_prefix_path.sh'
[12.635s] Level 1:colcon.colcon_core.environment:checking '/home/user/ros2_ws/src/install/basics_ros2_multithreading/lib'
[12.636s] Level 1:colcon.colcon_core.environment:checking '/home/user/ros2_ws/src/install/basics_ros2_multithreading/bin'
[12.636s] Level 1:colcon.colcon_core.environment:checking '/home/user/ros2_ws/src/install/basics_ros2_multithreading/lib/pkgconfig/basics_ros2_multithreading.pc'
[12.636s] Level 1:colcon.colcon_core.environment:checking '/home/user/ros2_ws/src/install/basics_ros2_multithreading/lib/python3.10/site-packages'
[12.636s] Level 1:colcon.colcon_core.environment:checking '/home/user/ros2_ws/src/install/basics_ros2_multithreading/bin'
[12.637s] INFO:colcon.colcon_core.shell:Creating package script '/home/user/ros2_ws/src/install/basics_ros2_multithreading/share/basics_ros2_multithreading/package.ps1'
[12.637s] INFO:colcon.colcon_core.shell:Creating package descriptor '/home/user/ros2_ws/src/install/basics_ros2_multithreading/share/basics_ros2_multithreading/package.dsv'
[12.638s] INFO:colcon.colcon_core.shell:Creating package script '/home/user/ros2_ws/src/install/basics_ros2_multithreading/share/basics_ros2_multithreading/package.sh'
[12.638s] INFO:colcon.colcon_core.shell:Creating package script '/home/user/ros2_ws/src/install/basics_ros2_multithreading/share/basics_ros2_multithreading/package.bash'
[12.638s] INFO:colcon.colcon_core.shell:Creating package script '/home/user/ros2_ws/src/install/basics_ros2_multithreading/share/basics_ros2_multithreading/package.zsh'
[12.639s] Level 1:colcon.colcon_core.environment:create_file_with_runtime_dependencies(/home/user/ros2_ws/src/install/basics_ros2_multithreading/share/colcon-core/packages/basics_ros2_multithreading)
[12.639s] DEBUG:colcon.colcon_parallel_executor.executor.parallel:closing loop
[12.639s] DEBUG:colcon.colcon_parallel_executor.executor.parallel:loop closed
[12.640s] DEBUG:colcon.colcon_parallel_executor.executor.parallel:run_until_complete finished with '0'
[12.640s] DEBUG:colcon.colcon_core.event_reactor:joining thread
[12.645s] INFO:colcon.colcon_core.plugin_system:Skipping extension 'colcon_notification.desktop_notification.notify_send': Could not find 'notify-send'
[12.645s] INFO:colcon.colcon_core.plugin_system:Skipping extension 'colcon_notification.desktop_notification.terminal_notifier': Not used on non-Darwin systems
[12.645s] INFO:colcon.colcon_core.plugin_system:Skipping extension 'colcon_notification.desktop_notification.win32': Not used on non-Windows systems
[12.645s] INFO:colcon.colcon_notification.desktop_notification:Sending desktop notification using 'notify2'
[12.647s] DEBUG:colcon.colcon_notification.desktop_notification.notify2:Failed to initialize notify2: org.freedesktop.DBus.Error.Spawn.ExecFailed: /usr/bin/dbus-launch terminated abnormally without any error message
[12.647s] DEBUG:colcon.colcon_core.event_reactor:joined thread
[12.648s] INFO:colcon.colcon_core.shell:Creating prefix script '/home/user/ros2_ws/src/install/local_setup.ps1'
[12.649s] INFO:colcon.colcon_core.shell:Creating prefix util module '/home/user/ros2_ws/src/install/_local_setup_util_ps1.py'
[12.651s] INFO:colcon.colcon_core.shell:Creating prefix chain script '/home/user/ros2_ws/src/install/setup.ps1'
[12.653s] INFO:colcon.colcon_core.shell:Creating prefix script '/home/user/ros2_ws/src/install/local_setup.sh'
[12.653s] INFO:colcon.colcon_core.shell:Creating prefix util module '/home/user/ros2_ws/src/install/_local_setup_util_sh.py'
[12.654s] INFO:colcon.colcon_core.shell:Creating prefix chain script '/home/user/ros2_ws/src/install/setup.sh'
[12.656s] INFO:colcon.colcon_core.shell:Creating prefix script '/home/user/ros2_ws/src/install/local_setup.bash'
[12.656s] INFO:colcon.colcon_core.shell:Creating prefix chain script '/home/user/ros2_ws/src/install/setup.bash'
[12.658s] INFO:colcon.colcon_core.shell:Creating prefix script '/home/user/ros2_ws/src/install/local_setup.zsh'
[12.659s] INFO:colcon.colcon_core.shell:Creating prefix chain script '/home/user/ros2_ws/src/install/setup.zsh'
