/usr/bin/ld: /usr/lib/gcc/x86_64-linux-gnu/11/../../../x86_64-linux-gnu/Scrt1.o: in function `_start':
(.text+0x1b): undefined reference to `main'
collect2: error: ld returned 1 exit status
gmake[2]: *** [CMakeFiles/green_test.dir/build.make:159: green_test] Error 1
gmake[1]: *** [CMakeFiles/Makefile2:249: CMakeFiles/green_test.dir/all] Error 2
gmake[1]: *** Waiting for unfinished jobs....
/usr/bin/ld: /usr/lib/gcc/x86_64-linux-gnu/11/../../../x86_64-linux-gnu/Scrt1.o: in function `_start':
(.text+0x1b): undefined reference to `main'
collect2: error: ld returned 1 exit status
gmake[2]: *** [CMakeFiles/green_detector_node.dir/build.make:230: green_detector_node] Error 1
gmake[1]: *** [CMakeFiles/Makefile2:223: CMakeFiles/green_detector_node.dir/all] Error 2
/usr/bin/ld: /usr/lib/gcc/x86_64-linux-gnu/11/../../../x86_64-linux-gnu/Scrt1.o: in function `_start':
(.text+0x1b): undefined reference to `main'
collect2: error: ld returned 1 exit status
gmake[2]: *** [CMakeFiles/plant_detector_multithreading_callbackgroups.dir/build.make:230: plant_detector_multithreading_callbackgroups] Error 1
gmake[1]: *** [CMakeFiles/Makefile2:197: CMakeFiles/plant_detector_multithreading_callbackgroups.dir/all] Error 2
[01m[K/home/user/ros2_ws/src/basics_ros2_multithreading/src/plant_detector.cpp:6:10:[m[K [01;31m[Kfatal error: [m[Kstd_srvs/srv/trigger.hpp: No such file or directory
    6 | #include [01;31m[K"std_srvs/srv/trigger.hpp"[m[K
      |          [01;31m[K^~~~~~~~~~~~~~~~~~~~~~~~~~[m[K
compilation terminated.
gmake[2]: *** [CMakeFiles/plant_detector_basic.dir/build.make:76: CMakeFiles/plant_detector_basic.dir/src/plant_detector.cpp.o] Error 1
gmake[1]: *** [CMakeFiles/Makefile2:145: CMakeFiles/plant_detector_basic.dir/all] Error 2
gmake: *** [Makefile:146: all] Error 2
