-- Found ament_cmake: 1.3.8 (/opt/ros/humble/share/ament_cmake/cmake)
-- Found rclcpp: 16.0.8 (/opt/ros/humble/share/rclcpp/cmake)
-- Found rosidl_generator_c: 3.1.5 (/opt/ros/humble/share/rosidl_generator_c/cmake)
-- Found rosidl_adapter: 3.1.5 (/opt/ros/humble/share/rosidl_adapter/cmake)
-- Found rosidl_generator_cpp: 3.1.5 (/opt/ros/humble/share/rosidl_generator_cpp/cmake)
-- Using all available rosidl_typesupport_c: rosidl_typesupport_fastrtps_c;rosidl_typesupport_introspection_c
-- Using all available rosidl_typesupport_cpp: rosidl_typesupport_fastrtps_cpp;rosidl_typesupport_introspection_cpp
-- Found rmw_implementation_cmake: 6.1.1 (/opt/ros/humble/share/rmw_implementation_cmake/cmake)
-- Found rmw_fastrtps_cpp: 6.2.6 (/opt/ros/humble/share/rmw_fastrtps_cpp/cmake)
-- Using RMW implementation 'rmw_fastrtps_cpp' as default
-- Found sensor_msgs: 4.2.3 (/opt/ros/humble/share/sensor_msgs/cmake)
-- Found cv_bridge: 3.2.1 (/opt/ros/humble/share/cv_bridge/cmake)
-- Found std_srvs: 4.2.3 (/opt/ros/humble/share/std_srvs/cmake)
-- Found ament_lint_auto: 0.12.10 (/opt/ros/humble/share/ament_lint_auto/cmake)
-- Added test 'cppcheck' to perform static code analysis on C / C++ code
-- Configured cppcheck include dirs: /home/user/ros2_ws/src/basics_ros2_multithreading/include
-- Configured cppcheck exclude dirs and/or files: 
-- Added test 'flake8' to check Python code syntax and style conventions
-- Added test 'lint_cmake' to check CMake code style
-- Added test 'pep257' to check Python code against some of the docstring style conventions in PEP 257
-- Added test 'uncrustify' to check C / C++ code style
-- Configured uncrustify additional arguments: 
-- Added test 'xmllint' to check XML markup files
-- Configuring done
-- Generating done
-- Build files have been written to: /home/user/ros2_ws/src/build/basics_ros2_multithreading
[35m[1mConsolidate compiler generated dependencies of target green_test[0m
[35m[1mConsolidate compiler generated dependencies of target plant_detector_multithreading_callbackgroups[0m
[35m[1mConsolidate compiler generated dependencies of target plant_detector_multithreading[0m
[35m[1mConsolidate compiler generated dependencies of target green_detector_node[0m
[ 10%] [32mBuilding CXX object CMakeFiles/plant_detector_basic.dir/src/plant_detector.cpp.o[0m
[ 20%] [32m[1mLinking CXX executable green_detector_node[0m
[ 30%] [32m[1mLinking CXX executable plant_detector_multithreading_callbackgroups[0m
[ 40%] [32m[1mLinking CXX executable green_test[0m
[ 60%] Built target plant_detector_multithreading
/usr/bin/ld: /usr/lib/gcc/x86_64-linux-gnu/11/../../../x86_64-linux-gnu/Scrt1.o: in function `_start':
(.text+0x1b): undefined reference to `main'
collect2: error: ld returned 1 exit status
gmake[2]: *** [CMakeFiles/green_test.dir/build.make:159: green_test] Error 1
gmake[1]: *** [CMakeFiles/Makefile2:249: CMakeFiles/green_test.dir/all] Error 2
gmake[1]: *** Waiting for unfinished jobs....
/usr/bin/ld: /usr/lib/gcc/x86_64-linux-gnu/11/../../../x86_64-linux-gnu/Scrt1.o: in function `_start':
(.text+0x1b): undefined reference to `main'
collect2: error: ld returned 1 exit status
gmake[2]: *** [CMakeFiles/green_detector_node.dir/build.make:230: green_detector_node] Error 1
gmake[1]: *** [CMakeFiles/Makefile2:223: CMakeFiles/green_detector_node.dir/all] Error 2
/usr/bin/ld: /usr/lib/gcc/x86_64-linux-gnu/11/../../../x86_64-linux-gnu/Scrt1.o: in function `_start':
(.text+0x1b): undefined reference to `main'
collect2: error: ld returned 1 exit status
gmake[2]: *** [CMakeFiles/plant_detector_multithreading_callbackgroups.dir/build.make:230: plant_detector_multithreading_callbackgroups] Error 1
gmake[1]: *** [CMakeFiles/Makefile2:197: CMakeFiles/plant_detector_multithreading_callbackgroups.dir/all] Error 2
[01m[K/home/user/ros2_ws/src/basics_ros2_multithreading/src/plant_detector.cpp:6:10:[m[K [01;31m[Kfatal error: [m[Kstd_srvs/srv/trigger.hpp: No such file or directory
    6 | #include [01;31m[K"std_srvs/srv/trigger.hpp"[m[K
      |          [01;31m[K^~~~~~~~~~~~~~~~~~~~~~~~~~[m[K
compilation terminated.
gmake[2]: *** [CMakeFiles/plant_detector_basic.dir/build.make:76: CMakeFiles/plant_detector_basic.dir/src/plant_detector.cpp.o] Error 1
gmake[1]: *** [CMakeFiles/Makefile2:145: CMakeFiles/plant_detector_basic.dir/all] Error 2
gmake: *** [Makefile:146: all] Error 2
