[35m[1mConsolidate compiler generated dependencies of target temperaturemonitor_executable[0m
[35m[1mConsolidate compiler generated dependencies of target heartbeat_executable[0m
[35m[1mConsolidate compiler generated dependencies of target heartbeat_executable2[0m
[ 33%] Built target temperaturemonitor_executable
[ 66%] Built target heartbeat_executable
[100%] Built target heartbeat_executable2
-- Install configuration: ""
-- Up-to-date: /home/user/ros2_ws/src/install/mars_rover_systems/lib/mars_rover_systems/heartbeat_executable
-- Up-to-date: /home/user/ros2_ws/src/install/mars_rover_systems/lib/mars_rover_systems/heartbeat_executable2
-- Up-to-date: /home/user/ros2_ws/src/install/mars_rover_systems/lib/mars_rover_systems/temperaturemonitor_executable
-- Up-to-date: /home/user/ros2_ws/src/install/mars_rover_systems/share/mars_rover_systems//launch
-- Up-to-date: /home/user/ros2_ws/src/install/mars_rover_systems/share/mars_rover_systems//launch/start_mars_rover_systems.launch.py
-- Up-to-date: /home/user/ros2_ws/src/install/mars_rover_systems/share/mars_rover_systems//launch/two_rover_heartbeat.launch.py
-- Up-to-date: /home/user/ros2_ws/src/install/mars_rover_systems/share/ament_index/resource_index/package_run_dependencies/mars_rover_systems
-- Up-to-date: /home/user/ros2_ws/src/install/mars_rover_systems/share/ament_index/resource_index/parent_prefix_path/mars_rover_systems
-- Up-to-date: /home/user/ros2_ws/src/install/mars_rover_systems/share/mars_rover_systems/environment/ament_prefix_path.sh
-- Up-to-date: /home/user/ros2_ws/src/install/mars_rover_systems/share/mars_rover_systems/environment/ament_prefix_path.dsv
-- Up-to-date: /home/user/ros2_ws/src/install/mars_rover_systems/share/mars_rover_systems/environment/path.sh
-- Up-to-date: /home/user/ros2_ws/src/install/mars_rover_systems/share/mars_rover_systems/environment/path.dsv
-- Up-to-date: /home/user/ros2_ws/src/install/mars_rover_systems/share/mars_rover_systems/local_setup.bash
-- Up-to-date: /home/user/ros2_ws/src/install/mars_rover_systems/share/mars_rover_systems/local_setup.sh
-- Up-to-date: /home/user/ros2_ws/src/install/mars_rover_systems/share/mars_rover_systems/local_setup.zsh
-- Up-to-date: /home/user/ros2_ws/src/install/mars_rover_systems/share/mars_rover_systems/local_setup.dsv
-- Installing: /home/user/ros2_ws/src/install/mars_rover_systems/share/mars_rover_systems/package.dsv
-- Up-to-date: /home/user/ros2_ws/src/install/mars_rover_systems/share/ament_index/resource_index/packages/mars_rover_systems
-- Up-to-date: /home/user/ros2_ws/src/install/mars_rover_systems/share/mars_rover_systems/cmake/mars_rover_systemsConfig.cmake
-- Up-to-date: /home/user/ros2_ws/src/install/mars_rover_systems/share/mars_rover_systems/cmake/mars_rover_systemsConfig-version.cmake
-- Up-to-date: /home/user/ros2_ws/src/install/mars_rover_systems/share/mars_rover_systems/package.xml
