[0.018s] Invoking command in '/home/user/ros2_ws/src/build/topics_quiz': CMAKE_PREFIX_PATH=${CMAKE_PREFIX_PATH}:/home/simulations/ros2_sims_ws/install/tracetools_test:/home/simulations/ros2_sims_ws/install/tracetools_launch:/home/simulations/ros2_sims_ws/install/ros2trace:/home/simulations/ros2_sims_ws/install/tracetools_trace:/home/simulations/ros2_sims_ws/install/ros2trace_analysis:/home/simulations/ros2_sims_ws/install/tracetools_analysis:/home/simulations/ros2_sims_ws/install/tracetools_read:/home/simulations/ros2_sims_ws/install/test_tracetools_launch:/opt/ros/humble:/home/simulations/ros2_sims_ws/install/robot_description _=/usr/bin/env /usr/bin/cmake /home/user/ros2_ws/src/topics_quiz -DCMAKE_INSTALL_PREFIX=/home/user/ros2_ws/src/install/topics_quiz
[4.496s] -- The C compiler identification is GNU 11.4.0
[4.564s] -- The CXX compiler identification is GNU 11.4.0
[4.574s] -- Detecting C compiler ABI info
[4.742s] -- Detecting C compiler ABI info - done
[4.750s] -- Check for working C compiler: /usr/bin/cc - skipped
[4.751s] -- Detecting C compile features
[4.751s] -- Detecting C compile features - done
[4.754s] -- Detecting CXX compiler ABI info
[5.006s] -- Detecting CXX compiler ABI info - done
[5.014s] -- Check for working CXX compiler: /usr/bin/c++ - skipped
[5.015s] -- Detecting CXX compile features
[5.015s] -- Detecting CXX compile features - done
[5.027s] -- Found ament_cmake: 1.3.8 (/opt/ros/humble/share/ament_cmake/cmake)
[5.243s] -- Found Python3: /usr/bin/python3 (found version "3.10.12") found components: Interpreter 
[5.435s] -- Found rclcpp: 16.0.8 (/opt/ros/humble/share/rclcpp/cmake)
[5.567s] -- Found rosidl_generator_c: 3.1.5 (/opt/ros/humble/share/rosidl_generator_c/cmake)
[5.586s] -- Found rosidl_adapter: 3.1.5 (/opt/ros/humble/share/rosidl_adapter/cmake)
[5.607s] -- Found rosidl_generator_cpp: 3.1.5 (/opt/ros/humble/share/rosidl_generator_cpp/cmake)
[5.633s] -- Using all available rosidl_typesupport_c: rosidl_typesupport_fastrtps_c;rosidl_typesupport_introspection_c
[5.682s] -- Using all available rosidl_typesupport_cpp: rosidl_typesupport_fastrtps_cpp;rosidl_typesupport_introspection_cpp
[5.814s] -- Found rmw_implementation_cmake: 6.1.1 (/opt/ros/humble/share/rmw_implementation_cmake/cmake)
[5.824s] -- Found rmw_fastrtps_cpp: 6.2.6 (/opt/ros/humble/share/rmw_fastrtps_cpp/cmake)
[6.626s] -- Found OpenSSL: /usr/lib/x86_64-linux-gnu/libcrypto.so (found version "3.0.2")  
[6.665s] -- Found FastRTPS: /opt/ros/humble/include  
[6.746s] -- Using RMW implementation 'rmw_fastrtps_cpp' as default
[6.777s] -- Looking for pthread.h
[6.865s] -- Looking for pthread.h - found
[6.866s] -- Performing Test CMAKE_HAVE_LIBC_PTHREAD
[6.947s] -- Performing Test CMAKE_HAVE_LIBC_PTHREAD - Success
[6.948s] -- Found Threads: TRUE  
[7.154s] -- Found sensor_msgs: 4.2.3 (/opt/ros/humble/share/sensor_msgs/cmake)
[7.315s] -- Found nav_msgs: 4.2.3 (/opt/ros/humble/share/nav_msgs/cmake)
[7.476s] -- Found tf2: 0.25.6 (/opt/ros/humble/share/tf2/cmake)
[7.525s] -- Found ament_lint_auto: 0.12.10 (/opt/ros/humble/share/ament_lint_auto/cmake)
[7.719s] -- Added test 'cppcheck' to perform static code analysis on C / C++ code
[7.720s] -- Configured cppcheck include dirs: 
[7.720s] -- Configured cppcheck exclude dirs and/or files: 
[7.721s] -- Added test 'flake8' to check Python code syntax and style conventions
[7.723s] -- Added test 'lint_cmake' to check CMake code style
[7.724s] -- Added test 'pep257' to check Python code against some of the docstring style conventions in PEP 257
[7.727s] -- Added test 'uncrustify' to check C / C++ code style
[7.727s] -- Configured uncrustify additional arguments: 
[7.728s] -- Added test 'xmllint' to check XML markup files
[7.731s] -- Configuring done
[7.761s] -- Generating done
[7.764s] -- Build files have been written to: /home/user/ros2_ws/src/build/topics_quiz
[7.781s] Invoked command in '/home/user/ros2_ws/src/build/topics_quiz' returned '0': CMAKE_PREFIX_PATH=${CMAKE_PREFIX_PATH}:/home/simulations/ros2_sims_ws/install/tracetools_test:/home/simulations/ros2_sims_ws/install/tracetools_launch:/home/simulations/ros2_sims_ws/install/ros2trace:/home/simulations/ros2_sims_ws/install/tracetools_trace:/home/simulations/ros2_sims_ws/install/ros2trace_analysis:/home/simulations/ros2_sims_ws/install/tracetools_analysis:/home/simulations/ros2_sims_ws/install/tracetools_read:/home/simulations/ros2_sims_ws/install/test_tracetools_launch:/opt/ros/humble:/home/simulations/ros2_sims_ws/install/robot_description _=/usr/bin/env /usr/bin/cmake /home/user/ros2_ws/src/topics_quiz -DCMAKE_INSTALL_PREFIX=/home/user/ros2_ws/src/install/topics_quiz
[7.782s] Invoking command in '/home/user/ros2_ws/src/build/topics_quiz': CMAKE_PREFIX_PATH=${CMAKE_PREFIX_PATH}:/home/simulations/ros2_sims_ws/install/tracetools_test:/home/simulations/ros2_sims_ws/install/tracetools_launch:/home/simulations/ros2_sims_ws/install/ros2trace:/home/simulations/ros2_sims_ws/install/tracetools_trace:/home/simulations/ros2_sims_ws/install/ros2trace_analysis:/home/simulations/ros2_sims_ws/install/tracetools_analysis:/home/simulations/ros2_sims_ws/install/tracetools_read:/home/simulations/ros2_sims_ws/install/test_tracetools_launch:/opt/ros/humble:/home/simulations/ros2_sims_ws/install/robot_description _=/usr/bin/env /usr/bin/cmake --build /home/user/ros2_ws/src/build/topics_quiz -- -j8 -l8
[7.957s] [ 50%] [32mBuilding CXX object CMakeFiles/topics_quiz_node.dir/src/topics_quiz.cpp.o[0m
[23.747s] [100%] [32m[1mLinking CXX executable topics_quiz_node[0m
[24.824s] [100%] Built target topics_quiz_node
